#
# There is insufficient memory for the Java Runtime Environment to continue.
# Native memory allocation (malloc) failed to allocate 1200592 bytes. Error detail: Chunk::new
# Possible reasons:
#   The system is out of physical RAM or swap space
#   This process is running with CompressedOops enabled, and the Java Heap may be blocking the growth of the native heap
# Possible solutions:
#   Reduce memory load on the system
#   Increase physical memory or swap space
#   Check if swap backing store is full
#   Decrease Java heap size (-Xmx/-Xms)
#   Decrease number of Java threads
#   Decrease Java thread stack sizes (-Xss)
#   Set larger code cache with -XX:ReservedCodeCacheSize=
#   JVM is running with Unscaled Compressed Oops mode in which the Java heap is
#     placed in the first 4GB address space. The Java Heap base address is the
#     maximum limit for the native heap growth. Please use -XX:HeapBaseMinAddress
#     to set the Java Heap base and to place the Java Heap above 4GB virtual address.
# This output file may be truncated or incomplete.
#
#  Out of Memory Error (arena.cpp:162), pid=14016, tid=1548
#
# JRE version: Java(TM) SE Runtime Environment (24.0+36) (build 24+36-3646)
# Java VM: Java HotSpot(TM) 64-Bit Server VM (24+36-3646, mixed mode, sharing, tiered, compressed oops, compressed class ptrs, g1 gc, windows-amd64)
# No core dump will be written. Minidumps are not enabled by default on client versions of Windows
#

---------------  S U M M A R Y ------------

Command Line: -javaagent:C:\Program Files\JetBrains\IntelliJ IDEA Community Edition 2024.3.5\lib\idea_rt.jar=50154 -Dfile.encoding=UTF-8 -Dsun.stdout.encoding=UTF-8 -Dsun.stderr.encoding=UTF-8 Library

Host: 11th Gen Intel(R) Core(TM) i3-1115G4 @ 3.00GHz, 4 cores, 7G,  Windows 11 , 64 bit Build 26100 (10.0.26100.4484)
Time: Fri Jul 11 12:00:30 2025 Nepal Standard Time elapsed time: 0.287601 seconds (0d 0h 0m 0s)

---------------  T H R E A D  ---------------

Current thread (0x000001e76fab26e0):  JavaThread "C2 CompilerThread0" daemon [_thread_in_native, id=1548, stack(0x0000008145a00000,0x0000008145b00000) (1024K)]


Current CompileTask:
C2:287  469       4       java.util.HashMap::putVal (300 bytes)

Stack: [0x0000008145a00000,0x0000008145b00000]
Native frames: (J=compiled Java code, j=interpreted, Vv=VM code, C=native code)
V  [jvm.dll+0x7308c9]  (no source info available)
V  [jvm.dll+0x8d9ca3]  (no source info available)
V  [jvm.dll+0x8dc13d]  (no source info available)
V  [jvm.dll+0x8dc7b3]  (no source info available)
V  [jvm.dll+0x2aa046]  (no source info available)
V  [jvm.dll+0xced8f]  (no source info available)
V  [jvm.dll+0xcefef]  (no source info available)
V  [jvm.dll+0x154d23]  (no source info available)
V  [jvm.dll+0x7360ef]  (no source info available)
V  [jvm.dll+0x26f9dc]  (no source info available)
V  [jvm.dll+0x26e9ff]  (no source info available)
V  [jvm.dll+0x1e9d00]  (no source info available)
V  [jvm.dll+0x27e1bb]  (no source info available)
V  [jvm.dll+0x27c45a]  (no source info available)
V  [jvm.dll+0x42f566]  (no source info available)
V  [jvm.dll+0x87d8fb]  (no source info available)
V  [jvm.dll+0x72efe5]  (no source info available)
C  [ucrtbase.dll+0x37b0]  (no source info available)
C  [KERNEL32.DLL+0x2e8d7]  (no source info available)
C  [ntdll.dll+0x3c34c]  (no source info available)

Lock stack of current Java thread (top to bottom):


---------------  P R O C E S S  ---------------

Threads class SMR info:
_java_thread_list=0x000001e74578e100, length=14, elements={
0x000001e7535ddf20, 0x000001e76faa6bb0, 0x000001e76faa84c0, 0x000001e76faad920,
0x000001e76faaece0, 0x000001e76faaf900, 0x000001e76fab0520, 0x000001e76fab26e0,
0x000001e76face8b0, 0x000001e745063600, 0x000001e7451d86e0, 0x000001e7451d8e20,
0x000001e7451f7500, 0x000001e7454e9520
}

Java Threads: ( => current thread )
  0x000001e7535ddf20 JavaThread "main"                              [_thread_in_vm, id=7236, stack(0x0000008144c00000,0x0000008144d00000) (1024K)]
  0x000001e76faa6bb0 JavaThread "Reference Handler"          daemon [_thread_blocked, id=1440, stack(0x0000008145400000,0x0000008145500000) (1024K)]
  0x000001e76faa84c0 JavaThread "Finalizer"                  daemon [_thread_blocked, id=13048, stack(0x0000008145500000,0x0000008145600000) (1024K)]
  0x000001e76faad920 JavaThread "Signal Dispatcher"          daemon [_thread_blocked, id=11500, stack(0x0000008145600000,0x0000008145700000) (1024K)]
  0x000001e76faaece0 JavaThread "Attach Listener"            daemon [_thread_blocked, id=13652, stack(0x0000008145700000,0x0000008145800000) (1024K)]
  0x000001e76faaf900 JavaThread "Service Thread"             daemon [_thread_blocked, id=14996, stack(0x0000008145800000,0x0000008145900000) (1024K)]
  0x000001e76fab0520 JavaThread "Monitor Deflation Thread"   daemon [_thread_blocked, id=11332, stack(0x0000008145900000,0x0000008145a00000) (1024K)]
=>0x000001e76fab26e0 JavaThread "C2 CompilerThread0"         daemon [_thread_in_native, id=1548, stack(0x0000008145a00000,0x0000008145b00000) (1024K)]
  0x000001e76face8b0 JavaThread "C1 CompilerThread0"         daemon [_thread_blocked, id=8544, stack(0x0000008145b00000,0x0000008145c00000) (1024K)]
  0x000001e745063600 JavaThread "Common-Cleaner"             daemon [_thread_blocked, id=13552, stack(0x0000008145c00000,0x0000008145d00000) (1024K)]
  0x000001e7451d86e0 JavaThread "Monitor Ctrl-Break"         daemon [_thread_in_native, id=15192, stack(0x0000008145d00000,0x0000008145e00000) (1024K)]
  0x000001e7451d8e20 JavaThread "Notification Thread"        daemon [_thread_blocked, id=3244, stack(0x0000008145e00000,0x0000008145f00000) (1024K)]
  0x000001e7451f7500 JavaThread "mysql-cj-abandoned-connection-cleanup" daemon [_thread_blocked, id=9392, stack(0x0000008145f00000,0x0000008146000000) (1024K)]
  0x000001e7454e9520 JavaThread "C2 CompilerThread1"         daemon [_thread_in_native, id=1780, stack(0x0000008146000000,0x0000008146100000) (1024K)]
Total: 14

Other Threads:
  0x000001e76fa95f30 VMThread "VM Thread"                           [id=7952, stack(0x0000008145300000,0x0000008145400000) (1024K)]
  0x000001e76fa860d0 WatcherThread "VM Periodic Task Thread"        [id=304, stack(0x0000008145200000,0x0000008145300000) (1024K)]
  0x000001e7536333f0 WorkerThread "GC Thread#0"                     [id=10988, stack(0x0000008144d00000,0x0000008144e00000) (1024K)]
  0x000001e7513cdd20 ConcurrentGCThread "G1 Main Marker"            [id=9088, stack(0x0000008144e00000,0x0000008144f00000) (1024K)]
  0x000001e7513ce830 WorkerThread "G1 Conc#0"                       [id=5232, stack(0x0000008144f00000,0x0000008145000000) (1024K)]
  0x000001e76f94c100 ConcurrentGCThread "G1 Refine#0"               [id=14188, stack(0x0000008145000000,0x0000008145100000) (1024K)]
  0x000001e76f94c930 ConcurrentGCThread "G1 Service"                [id=3020, stack(0x0000008145100000,0x0000008145200000) (1024K)]
Total: 7

Threads with active compile tasks:
C2 CompilerThread0  348  469       4       java.util.HashMap::putVal (300 bytes)
C2 CompilerThread1  348  466       4       java.util.Properties::loadConvert (540 bytes)
Total: 2

VM state: not at safepoint (normal execution)

VM Mutex/Monitor currently owned by a thread:  ([mutex/lock_event])
[0x00007fffe8c424c0] Metaspace_lock - owner thread: 0x000001e7535ddf20

Heap address: 0x0000000085800000, size: 1960 MB, Compressed Oops mode: 32-bit

CDS archive(s) mapped at: [0x000001e700000000-0x000001e700d40000-0x000001e700d40000), size 13893632, SharedBaseAddress: 0x000001e700000000, ArchiveRelocationMode: 1.
Compressed class space mapped at: 0x000001e701000000-0x000001e741000000, reserved size: 1073741824
UseCompressedClassPointers 1, UseCompactObjectHeaders 0
Narrow klass pointer bits 32, Max shift 3
Narrow klass base: 0x000001e700000000, Narrow klass shift: 0
Encoding Range: [0x000001e700000000 - 0x000001e800000000), (4294967296 bytes)
Klass Range:    [0x000001e700000000 - 0x000001e741000000), (1090519040 bytes)
Klass ID Range:  [8 - 1090519033) (1090519025)

GC Precious Log:
 CardTable entry size: 512
 Card Set container configuration: InlinePtr #cards 5 size 8 Array Of Cards #cards 10 size 36 Howl #buckets 4 coarsen threshold 1843 Howl Bitmap #cards 512 size 80 coarsen threshold 460 Card regions per heap region 1 cards per card region 2048
 CPUs: 4 total, 4 available
 Memory: 7834M
 Large Page Support: Disabled
 NUMA Support: Disabled
 Compressed Oops: Enabled (32-bit)
 Heap Region Size: 1M
 Heap Min Capacity: 8M
 Heap Initial Capacity: 124M
 Heap Max Capacity: 1960M
 Pre-touch: Disabled
 Parallel Workers: 4
 Concurrent Workers: 1
 Concurrent Refinement Workers: 4
 Periodic GC: Disabled

Heap:
 garbage-first heap   total reserved 2007040K, committed 129024K, used 10356K [0x0000000085800000, 0x0000000100000000)
  region size 1024K, 10 young (10240K), 0 survivors (0K)
 Metaspace       used 2339K, committed 2496K, reserved 1114112K
  class space    used 165K, committed 256K, reserved 1048576K

Heap Regions: E=young(eden), S=young(survivor), O=old, HS=humongous(starts), HC=humongous(continues), CS=collection set, F=free, TAMS=top-at-mark-start, PB=parsable bottom
|   0|0x0000000085800000, 0x0000000085800000, 0x0000000085900000|  0%| F|  |TAMS 0x0000000085800000| PB 0x0000000085800000| Untracked |  0
|   1|0x0000000085900000, 0x0000000085900000, 0x0000000085a00000|  0%| F|  |TAMS 0x0000000085900000| PB 0x0000000085900000| Untracked |  0
|   2|0x0000000085a00000, 0x0000000085a00000, 0x0000000085b00000|  0%| F|  |TAMS 0x0000000085a00000| PB 0x0000000085a00000| Untracked |  0
|   3|0x0000000085b00000, 0x0000000085b00000, 0x0000000085c00000|  0%| F|  |TAMS 0x0000000085b00000| PB 0x0000000085b00000| Untracked |  0
|   4|0x0000000085c00000, 0x0000000085c00000, 0x0000000085d00000|  0%| F|  |TAMS 0x0000000085c00000| PB 0x0000000085c00000| Untracked |  0
|   5|0x0000000085d00000, 0x0000000085d00000, 0x0000000085e00000|  0%| F|  |TAMS 0x0000000085d00000| PB 0x0000000085d00000| Untracked |  0
|   6|0x0000000085e00000, 0x0000000085e00000, 0x0000000085f00000|  0%| F|  |TAMS 0x0000000085e00000| PB 0x0000000085e00000| Untracked |  0
|   7|0x0000000085f00000, 0x0000000085f00000, 0x0000000086000000|  0%| F|  |TAMS 0x0000000085f00000| PB 0x0000000085f00000| Untracked |  0
|   8|0x0000000086000000, 0x0000000086000000, 0x0000000086100000|  0%| F|  |TAMS 0x0000000086000000| PB 0x0000000086000000| Untracked |  0
|   9|0x0000000086100000, 0x0000000086100000, 0x0000000086200000|  0%| F|  |TAMS 0x0000000086100000| PB 0x0000000086100000| Untracked |  0
|  10|0x0000000086200000, 0x0000000086200000, 0x0000000086300000|  0%| F|  |TAMS 0x0000000086200000| PB 0x0000000086200000| Untracked |  0
|  11|0x0000000086300000, 0x0000000086300000, 0x0000000086400000|  0%| F|  |TAMS 0x0000000086300000| PB 0x0000000086300000| Untracked |  0
|  12|0x0000000086400000, 0x0000000086400000, 0x0000000086500000|  0%| F|  |TAMS 0x0000000086400000| PB 0x0000000086400000| Untracked |  0
|  13|0x0000000086500000, 0x0000000086500000, 0x0000000086600000|  0%| F|  |TAMS 0x0000000086500000| PB 0x0000000086500000| Untracked |  0
|  14|0x0000000086600000, 0x0000000086600000, 0x0000000086700000|  0%| F|  |TAMS 0x0000000086600000| PB 0x0000000086600000| Untracked |  0
|  15|0x0000000086700000, 0x0000000086700000, 0x0000000086800000|  0%| F|  |TAMS 0x0000000086700000| PB 0x0000000086700000| Untracked |  0
|  16|0x0000000086800000, 0x0000000086800000, 0x0000000086900000|  0%| F|  |TAMS 0x0000000086800000| PB 0x0000000086800000| Untracked |  0
|  17|0x0000000086900000, 0x0000000086900000, 0x0000000086a00000|  0%| F|  |TAMS 0x0000000086900000| PB 0x0000000086900000| Untracked |  0
|  18|0x0000000086a00000, 0x0000000086a00000, 0x0000000086b00000|  0%| F|  |TAMS 0x0000000086a00000| PB 0x0000000086a00000| Untracked |  0
|  19|0x0000000086b00000, 0x0000000086b00000, 0x0000000086c00000|  0%| F|  |TAMS 0x0000000086b00000| PB 0x0000000086b00000| Untracked |  0
|  20|0x0000000086c00000, 0x0000000086c00000, 0x0000000086d00000|  0%| F|  |TAMS 0x0000000086c00000| PB 0x0000000086c00000| Untracked |  0
|  21|0x0000000086d00000, 0x0000000086d00000, 0x0000000086e00000|  0%| F|  |TAMS 0x0000000086d00000| PB 0x0000000086d00000| Untracked |  0
|  22|0x0000000086e00000, 0x0000000086e00000, 0x0000000086f00000|  0%| F|  |TAMS 0x0000000086e00000| PB 0x0000000086e00000| Untracked |  0
|  23|0x0000000086f00000, 0x0000000086f00000, 0x0000000087000000|  0%| F|  |TAMS 0x0000000086f00000| PB 0x0000000086f00000| Untracked |  0
|  24|0x0000000087000000, 0x0000000087000000, 0x0000000087100000|  0%| F|  |TAMS 0x0000000087000000| PB 0x0000000087000000| Untracked |  0
|  25|0x0000000087100000, 0x0000000087100000, 0x0000000087200000|  0%| F|  |TAMS 0x0000000087100000| PB 0x0000000087100000| Untracked |  0
|  26|0x0000000087200000, 0x0000000087200000, 0x0000000087300000|  0%| F|  |TAMS 0x0000000087200000| PB 0x0000000087200000| Untracked |  0
|  27|0x0000000087300000, 0x0000000087300000, 0x0000000087400000|  0%| F|  |TAMS 0x0000000087300000| PB 0x0000000087300000| Untracked |  0
|  28|0x0000000087400000, 0x0000000087400000, 0x0000000087500000|  0%| F|  |TAMS 0x0000000087400000| PB 0x0000000087400000| Untracked |  0
|  29|0x0000000087500000, 0x0000000087500000, 0x0000000087600000|  0%| F|  |TAMS 0x0000000087500000| PB 0x0000000087500000| Untracked |  0
|  30|0x0000000087600000, 0x0000000087600000, 0x0000000087700000|  0%| F|  |TAMS 0x0000000087600000| PB 0x0000000087600000| Untracked |  0
|  31|0x0000000087700000, 0x0000000087700000, 0x0000000087800000|  0%| F|  |TAMS 0x0000000087700000| PB 0x0000000087700000| Untracked |  0
|  32|0x0000000087800000, 0x0000000087800000, 0x0000000087900000|  0%| F|  |TAMS 0x0000000087800000| PB 0x0000000087800000| Untracked |  0
|  33|0x0000000087900000, 0x0000000087900000, 0x0000000087a00000|  0%| F|  |TAMS 0x0000000087900000| PB 0x0000000087900000| Untracked |  0
|  34|0x0000000087a00000, 0x0000000087a00000, 0x0000000087b00000|  0%| F|  |TAMS 0x0000000087a00000| PB 0x0000000087a00000| Untracked |  0
|  35|0x0000000087b00000, 0x0000000087b00000, 0x0000000087c00000|  0%| F|  |TAMS 0x0000000087b00000| PB 0x0000000087b00000| Untracked |  0
|  36|0x0000000087c00000, 0x0000000087c00000, 0x0000000087d00000|  0%| F|  |TAMS 0x0000000087c00000| PB 0x0000000087c00000| Untracked |  0
|  37|0x0000000087d00000, 0x0000000087d00000, 0x0000000087e00000|  0%| F|  |TAMS 0x0000000087d00000| PB 0x0000000087d00000| Untracked |  0
|  38|0x0000000087e00000, 0x0000000087e00000, 0x0000000087f00000|  0%| F|  |TAMS 0x0000000087e00000| PB 0x0000000087e00000| Untracked |  0
|  39|0x0000000087f00000, 0x0000000087f00000, 0x0000000088000000|  0%| F|  |TAMS 0x0000000087f00000| PB 0x0000000087f00000| Untracked |  0
|  40|0x0000000088000000, 0x0000000088000000, 0x0000000088100000|  0%| F|  |TAMS 0x0000000088000000| PB 0x0000000088000000| Untracked |  0
|  41|0x0000000088100000, 0x0000000088100000, 0x0000000088200000|  0%| F|  |TAMS 0x0000000088100000| PB 0x0000000088100000| Untracked |  0
|  42|0x0000000088200000, 0x0000000088200000, 0x0000000088300000|  0%| F|  |TAMS 0x0000000088200000| PB 0x0000000088200000| Untracked |  0
|  43|0x0000000088300000, 0x0000000088300000, 0x0000000088400000|  0%| F|  |TAMS 0x0000000088300000| PB 0x0000000088300000| Untracked |  0
|  44|0x0000000088400000, 0x0000000088400000, 0x0000000088500000|  0%| F|  |TAMS 0x0000000088400000| PB 0x0000000088400000| Untracked |  0
|  45|0x0000000088500000, 0x0000000088500000, 0x0000000088600000|  0%| F|  |TAMS 0x0000000088500000| PB 0x0000000088500000| Untracked |  0
|  46|0x0000000088600000, 0x0000000088600000, 0x0000000088700000|  0%| F|  |TAMS 0x0000000088600000| PB 0x0000000088600000| Untracked |  0
|  47|0x0000000088700000, 0x0000000088700000, 0x0000000088800000|  0%| F|  |TAMS 0x0000000088700000| PB 0x0000000088700000| Untracked |  0
|  48|0x0000000088800000, 0x0000000088800000, 0x0000000088900000|  0%| F|  |TAMS 0x0000000088800000| PB 0x0000000088800000| Untracked |  0
|  49|0x0000000088900000, 0x0000000088900000, 0x0000000088a00000|  0%| F|  |TAMS 0x0000000088900000| PB 0x0000000088900000| Untracked |  0
|  50|0x0000000088a00000, 0x0000000088a00000, 0x0000000088b00000|  0%| F|  |TAMS 0x0000000088a00000| PB 0x0000000088a00000| Untracked |  0
|  51|0x0000000088b00000, 0x0000000088b00000, 0x0000000088c00000|  0%| F|  |TAMS 0x0000000088b00000| PB 0x0000000088b00000| Untracked |  0
|  52|0x0000000088c00000, 0x0000000088c00000, 0x0000000088d00000|  0%| F|  |TAMS 0x0000000088c00000| PB 0x0000000088c00000| Untracked |  0
|  53|0x0000000088d00000, 0x0000000088d00000, 0x0000000088e00000|  0%| F|  |TAMS 0x0000000088d00000| PB 0x0000000088d00000| Untracked |  0
|  54|0x0000000088e00000, 0x0000000088e00000, 0x0000000088f00000|  0%| F|  |TAMS 0x0000000088e00000| PB 0x0000000088e00000| Untracked |  0
|  55|0x0000000088f00000, 0x0000000088f00000, 0x0000000089000000|  0%| F|  |TAMS 0x0000000088f00000| PB 0x0000000088f00000| Untracked |  0
|  56|0x0000000089000000, 0x0000000089000000, 0x0000000089100000|  0%| F|  |TAMS 0x0000000089000000| PB 0x0000000089000000| Untracked |  0
|  57|0x0000000089100000, 0x0000000089100000, 0x0000000089200000|  0%| F|  |TAMS 0x0000000089100000| PB 0x0000000089100000| Untracked |  0
|  58|0x0000000089200000, 0x0000000089200000, 0x0000000089300000|  0%| F|  |TAMS 0x0000000089200000| PB 0x0000000089200000| Untracked |  0
|  59|0x0000000089300000, 0x0000000089300000, 0x0000000089400000|  0%| F|  |TAMS 0x0000000089300000| PB 0x0000000089300000| Untracked |  0
|  60|0x0000000089400000, 0x0000000089400000, 0x0000000089500000|  0%| F|  |TAMS 0x0000000089400000| PB 0x0000000089400000| Untracked |  0
|  61|0x0000000089500000, 0x0000000089500000, 0x0000000089600000|  0%| F|  |TAMS 0x0000000089500000| PB 0x0000000089500000| Untracked |  0
|  62|0x0000000089600000, 0x0000000089600000, 0x0000000089700000|  0%| F|  |TAMS 0x0000000089600000| PB 0x0000000089600000| Untracked |  0
|  63|0x0000000089700000, 0x0000000089700000, 0x0000000089800000|  0%| F|  |TAMS 0x0000000089700000| PB 0x0000000089700000| Untracked |  0
|  64|0x0000000089800000, 0x0000000089800000, 0x0000000089900000|  0%| F|  |TAMS 0x0000000089800000| PB 0x0000000089800000| Untracked |  0
|  65|0x0000000089900000, 0x0000000089900000, 0x0000000089a00000|  0%| F|  |TAMS 0x0000000089900000| PB 0x0000000089900000| Untracked |  0
|  66|0x0000000089a00000, 0x0000000089a00000, 0x0000000089b00000|  0%| F|  |TAMS 0x0000000089a00000| PB 0x0000000089a00000| Untracked |  0
|  67|0x0000000089b00000, 0x0000000089b00000, 0x0000000089c00000|  0%| F|  |TAMS 0x0000000089b00000| PB 0x0000000089b00000| Untracked |  0
|  68|0x0000000089c00000, 0x0000000089c00000, 0x0000000089d00000|  0%| F|  |TAMS 0x0000000089c00000| PB 0x0000000089c00000| Untracked |  0
|  69|0x0000000089d00000, 0x0000000089d00000, 0x0000000089e00000|  0%| F|  |TAMS 0x0000000089d00000| PB 0x0000000089d00000| Untracked |  0
|  70|0x0000000089e00000, 0x0000000089e00000, 0x0000000089f00000|  0%| F|  |TAMS 0x0000000089e00000| PB 0x0000000089e00000| Untracked |  0
|  71|0x0000000089f00000, 0x0000000089f00000, 0x000000008a000000|  0%| F|  |TAMS 0x0000000089f00000| PB 0x0000000089f00000| Untracked |  0
|  72|0x000000008a000000, 0x000000008a000000, 0x000000008a100000|  0%| F|  |TAMS 0x000000008a000000| PB 0x000000008a000000| Untracked |  0
|  73|0x000000008a100000, 0x000000008a100000, 0x000000008a200000|  0%| F|  |TAMS 0x000000008a100000| PB 0x000000008a100000| Untracked |  0
|  74|0x000000008a200000, 0x000000008a200000, 0x000000008a300000|  0%| F|  |TAMS 0x000000008a200000| PB 0x000000008a200000| Untracked |  0
|  75|0x000000008a300000, 0x000000008a300000, 0x000000008a400000|  0%| F|  |TAMS 0x000000008a300000| PB 0x000000008a300000| Untracked |  0
|  76|0x000000008a400000, 0x000000008a400000, 0x000000008a500000|  0%| F|  |TAMS 0x000000008a400000| PB 0x000000008a400000| Untracked |  0
|  77|0x000000008a500000, 0x000000008a500000, 0x000000008a600000|  0%| F|  |TAMS 0x000000008a500000| PB 0x000000008a500000| Untracked |  0
|  78|0x000000008a600000, 0x000000008a600000, 0x000000008a700000|  0%| F|  |TAMS 0x000000008a600000| PB 0x000000008a600000| Untracked |  0
|  79|0x000000008a700000, 0x000000008a700000, 0x000000008a800000|  0%| F|  |TAMS 0x000000008a700000| PB 0x000000008a700000| Untracked |  0
|  80|0x000000008a800000, 0x000000008a800000, 0x000000008a900000|  0%| F|  |TAMS 0x000000008a800000| PB 0x000000008a800000| Untracked |  0
|  81|0x000000008a900000, 0x000000008a900000, 0x000000008aa00000|  0%| F|  |TAMS 0x000000008a900000| PB 0x000000008a900000| Untracked |  0
|  82|0x000000008aa00000, 0x000000008aa00000, 0x000000008ab00000|  0%| F|  |TAMS 0x000000008aa00000| PB 0x000000008aa00000| Untracked |  0
|  83|0x000000008ab00000, 0x000000008ab00000, 0x000000008ac00000|  0%| F|  |TAMS 0x000000008ab00000| PB 0x000000008ab00000| Untracked |  0
|  84|0x000000008ac00000, 0x000000008ac00000, 0x000000008ad00000|  0%| F|  |TAMS 0x000000008ac00000| PB 0x000000008ac00000| Untracked |  0
|  85|0x000000008ad00000, 0x000000008ad00000, 0x000000008ae00000|  0%| F|  |TAMS 0x000000008ad00000| PB 0x000000008ad00000| Untracked |  0
|  86|0x000000008ae00000, 0x000000008ae00000, 0x000000008af00000|  0%| F|  |TAMS 0x000000008ae00000| PB 0x000000008ae00000| Untracked |  0
|  87|0x000000008af00000, 0x000000008af00000, 0x000000008b000000|  0%| F|  |TAMS 0x000000008af00000| PB 0x000000008af00000| Untracked |  0
|  88|0x000000008b000000, 0x000000008b000000, 0x000000008b100000|  0%| F|  |TAMS 0x000000008b000000| PB 0x000000008b000000| Untracked |  0
|  89|0x000000008b100000, 0x000000008b100000, 0x000000008b200000|  0%| F|  |TAMS 0x000000008b100000| PB 0x000000008b100000| Untracked |  0
|  90|0x000000008b200000, 0x000000008b200000, 0x000000008b300000|  0%| F|  |TAMS 0x000000008b200000| PB 0x000000008b200000| Untracked |  0
|  91|0x000000008b300000, 0x000000008b300000, 0x000000008b400000|  0%| F|  |TAMS 0x000000008b300000| PB 0x000000008b300000| Untracked |  0
|  92|0x000000008b400000, 0x000000008b400000, 0x000000008b500000|  0%| F|  |TAMS 0x000000008b400000| PB 0x000000008b400000| Untracked |  0
|  93|0x000000008b500000, 0x000000008b500000, 0x000000008b600000|  0%| F|  |TAMS 0x000000008b500000| PB 0x000000008b500000| Untracked |  0
|  94|0x000000008b600000, 0x000000008b600000, 0x000000008b700000|  0%| F|  |TAMS 0x000000008b600000| PB 0x000000008b600000| Untracked |  0
|  95|0x000000008b700000, 0x000000008b700000, 0x000000008b800000|  0%| F|  |TAMS 0x000000008b700000| PB 0x000000008b700000| Untracked |  0
|  96|0x000000008b800000, 0x000000008b800000, 0x000000008b900000|  0%| F|  |TAMS 0x000000008b800000| PB 0x000000008b800000| Untracked |  0
|  97|0x000000008b900000, 0x000000008b900000, 0x000000008ba00000|  0%| F|  |TAMS 0x000000008b900000| PB 0x000000008b900000| Untracked |  0
|  98|0x000000008ba00000, 0x000000008ba00000, 0x000000008bb00000|  0%| F|  |TAMS 0x000000008ba00000| PB 0x000000008ba00000| Untracked |  0
|  99|0x000000008bb00000, 0x000000008bb00000, 0x000000008bc00000|  0%| F|  |TAMS 0x000000008bb00000| PB 0x000000008bb00000| Untracked |  0
| 100|0x000000008bc00000, 0x000000008bc00000, 0x000000008bd00000|  0%| F|  |TAMS 0x000000008bc00000| PB 0x000000008bc00000| Untracked |  0
| 101|0x000000008bd00000, 0x000000008bd00000, 0x000000008be00000|  0%| F|  |TAMS 0x000000008bd00000| PB 0x000000008bd00000| Untracked |  0
| 102|0x000000008be00000, 0x000000008be00000, 0x000000008bf00000|  0%| F|  |TAMS 0x000000008be00000| PB 0x000000008be00000| Untracked |  0
| 103|0x000000008bf00000, 0x000000008bf00000, 0x000000008c000000|  0%| F|  |TAMS 0x000000008bf00000| PB 0x000000008bf00000| Untracked |  0
| 104|0x000000008c000000, 0x000000008c000000, 0x000000008c100000|  0%| F|  |TAMS 0x000000008c000000| PB 0x000000008c000000| Untracked |  0
| 105|0x000000008c100000, 0x000000008c100000, 0x000000008c200000|  0%| F|  |TAMS 0x000000008c100000| PB 0x000000008c100000| Untracked |  0
| 106|0x000000008c200000, 0x000000008c200000, 0x000000008c300000|  0%| F|  |TAMS 0x000000008c200000| PB 0x000000008c200000| Untracked |  0
| 107|0x000000008c300000, 0x000000008c300000, 0x000000008c400000|  0%| F|  |TAMS 0x000000008c300000| PB 0x000000008c300000| Untracked |  0
| 108|0x000000008c400000, 0x000000008c400000, 0x000000008c500000|  0%| F|  |TAMS 0x000000008c400000| PB 0x000000008c400000| Untracked |  0
| 109|0x000000008c500000, 0x000000008c500000, 0x000000008c600000|  0%| F|  |TAMS 0x000000008c500000| PB 0x000000008c500000| Untracked |  0
| 110|0x000000008c600000, 0x000000008c600000, 0x000000008c700000|  0%| F|  |TAMS 0x000000008c600000| PB 0x000000008c600000| Untracked |  0
| 111|0x000000008c700000, 0x000000008c700000, 0x000000008c800000|  0%| F|  |TAMS 0x000000008c700000| PB 0x000000008c700000| Untracked |  0
| 112|0x000000008c800000, 0x000000008c800000, 0x000000008c900000|  0%| F|  |TAMS 0x000000008c800000| PB 0x000000008c800000| Untracked |  0
| 113|0x000000008c900000, 0x000000008c900000, 0x000000008ca00000|  0%| F|  |TAMS 0x000000008c900000| PB 0x000000008c900000| Untracked |  0
| 114|0x000000008ca00000, 0x000000008ca95c10, 0x000000008cb00000| 58%| E|  |TAMS 0x000000008ca00000| PB 0x000000008ca00000| Complete |  0
| 115|0x000000008cb00000, 0x000000008cc00000, 0x000000008cc00000|100%| E|CS|TAMS 0x000000008cb00000| PB 0x000000008cb00000| Complete |  0
| 116|0x000000008cc00000, 0x000000008cd00000, 0x000000008cd00000|100%| E|CS|TAMS 0x000000008cc00000| PB 0x000000008cc00000| Complete |  0
| 117|0x000000008cd00000, 0x000000008ce00000, 0x000000008ce00000|100%| E|CS|TAMS 0x000000008cd00000| PB 0x000000008cd00000| Complete |  0
| 118|0x000000008ce00000, 0x000000008cf00000, 0x000000008cf00000|100%| E|CS|TAMS 0x000000008ce00000| PB 0x000000008ce00000| Complete |  0
| 119|0x000000008cf00000, 0x000000008d000000, 0x000000008d000000|100%| E|CS|TAMS 0x000000008cf00000| PB 0x000000008cf00000| Complete |  0
| 120|0x000000008d000000, 0x000000008d100000, 0x000000008d100000|100%| E|CS|TAMS 0x000000008d000000| PB 0x000000008d000000| Complete |  0
| 121|0x000000008d100000, 0x000000008d200000, 0x000000008d200000|100%| E|CS|TAMS 0x000000008d100000| PB 0x000000008d100000| Complete |  0
| 122|0x000000008d200000, 0x000000008d300000, 0x000000008d300000|100%| E|CS|TAMS 0x000000008d200000| PB 0x000000008d200000| Complete |  0
| 123|0x000000008d300000, 0x000000008d400000, 0x000000008d400000|100%| E|CS|TAMS 0x000000008d300000| PB 0x000000008d300000| Complete |  0
|1958|0x00000000ffe00000, 0x00000000fff00000, 0x00000000fff00000|100%| O|  |TAMS 0x00000000ffe00000| PB 0x00000000ffe00000| Untracked |  0
|1959|0x00000000fff00000, 0x00000000fff1d3c0, 0x0000000100000000| 11%| O|  |TAMS 0x00000000fff00000| PB 0x00000000fff00000| Untracked |  0

Card table byte_map: [0x000001e76b260000,0x000001e76b640000] _byte_map_base: 0x000001e76ae34000

Marking Bits: (CMBitMap*) 0x000001e753633b00
 Bits: [0x000001e76b640000, 0x000001e76d4e0000)

Polling page: 0x000001e751430000

Metaspace:

Usage:
  Non-class:      2.12 MB used.
      Class:    165.21 KB used.
       Both:      2.29 MB used.

Virtual space:
  Non-class space:       64.00 MB reserved,       2.19 MB (  3%) committed,  1 nodes.
      Class space:        1.00 GB reserved,     256.00 KB ( <1%) committed,  1 nodes.
             Both:        1.06 GB reserved,       2.44 MB ( <1%) committed. 

Chunk freelists:
   Non-Class:  11.23 MB
       Class:  15.67 MB
        Both:  26.91 MB

MaxMetaspaceSize: unlimited
CompressedClassSpaceSize: 1.00 GB
Initial GC threshold: 21.00 MB
Current GC threshold: 21.00 MB
CDS: on
 - commit_granule_bytes: 65536.
 - commit_granule_words: 8192.
 - virtual_space_node_default_size: 8388608.
 - enlarge_chunks_in_place: 1.
UseCompressedClassPointers 1, UseCompactObjectHeaders 0
Narrow klass pointer bits 32, Max shift 3
Narrow klass base: 0x000001e700000000, Narrow klass shift: 0
Encoding Range: [0x000001e700000000 - 0x000001e800000000), (4294967296 bytes)
Klass Range:    [0x000001e700000000 - 0x000001e741000000), (1090519040 bytes)
Klass ID Range:  [8 - 1090519033) (1090519025)


Internal statistics:

num_allocs_failed_limit: 0.
num_arena_births: 38.
num_arena_deaths: 0.
num_vsnodes_births: 2.
num_vsnodes_deaths: 0.
num_space_committed: 39.
num_space_uncommitted: 0.
num_chunks_returned_to_freelist: 0.
num_chunks_taken_from_freelist: 79.
num_chunk_merges: 0.
num_chunk_splits: 58.
num_chunks_enlarged: 38.
num_inconsistent_stats: 0.

CodeHeap 'non-profiled nmethods': size=120064Kb used=160Kb max_used=160Kb free=119903Kb
 bounds [0x000001e763940000, 0x000001e763bb0000, 0x000001e76ae80000]
CodeHeap 'profiled nmethods': size=120000Kb used=640Kb max_used=640Kb free=119359Kb
 bounds [0x000001e75be80000, 0x000001e75c0f0000, 0x000001e7633b0000]
CodeHeap 'non-nmethods': size=5696Kb used=1410Kb max_used=1410Kb free=4285Kb
 bounds [0x000001e7633b0000, 0x000001e763620000, 0x000001e763940000]
CodeCache: size=245760Kb, used=2210Kb, max_used=2210Kb, free=243547Kb
 total_blobs=1012, nmethods=549, adapters=367, full_count=0
Compilation: enabled, stopped_count=0, restarted_count=0

Compilation events (20 events):
Event: 0.278 Thread 0x000001e76face8b0  477       3       jdk.internal.module.SystemModuleFinders$SystemModuleReader::find (59 bytes)
Event: 0.278 Thread 0x000001e76face8b0 nmethod 477 0x000001e75bf05a88 code [0x000001e75bf05cc0, 0x000001e75bf06bd8]
Event: 0.278 Thread 0x000001e76face8b0  478       3       jdk.internal.module.SystemModuleFinders$SystemModuleReader::containsImageLocation (42 bytes)
Event: 0.278 Thread 0x000001e76face8b0 nmethod 478 0x000001e75bf06c88 code [0x000001e75bf06e20, 0x000001e75bf074e8]
Event: 0.278 Thread 0x000001e76face8b0  479       3       jdk.internal.jimage.ImageStringsReader::match (11 bytes)
Event: 0.278 Thread 0x000001e76face8b0 nmethod 479 0x000001e75bf07588 code [0x000001e75bf076a0, 0x000001e75bf07868]
Event: 0.279 Thread 0x000001e76face8b0  480       3       jdk.internal.jimage.BasicImageReader::match (37 bytes)
Event: 0.279 Thread 0x000001e76face8b0 nmethod 480 0x000001e75bf07888 code [0x000001e75bf079c0, 0x000001e75bf07cb8]
Event: 0.280 Thread 0x000001e7454e9520 nmethod 464% 0x000001e763963488 code [0x000001e7639635a0, 0x000001e763963908]
Event: 0.280 Thread 0x000001e7454e9520  466       4       java.util.Properties::loadConvert (540 bytes)
Event: 0.281 Thread 0x000001e76face8b0  481       3       java.math.BigInteger::implMulAdd (81 bytes)
Event: 0.281 Thread 0x000001e76face8b0 nmethod 481 0x000001e75bf07d08 code [0x000001e75bf07e20, 0x000001e75bf08050]
Event: 0.281 Thread 0x000001e76face8b0  482       3       java.math.BigInteger::mulAdd (19 bytes)
Event: 0.281 Thread 0x000001e76face8b0 nmethod 482 0x000001e75bf08088 code [0x000001e75bf081c0, 0x000001e75bf08358]
Event: 0.281 Thread 0x000001e76face8b0  483       3       java.math.BigInteger::implMulAddCheck (176 bytes)
Event: 0.282 Thread 0x000001e76face8b0 nmethod 483 0x000001e75bf08388 code [0x000001e75bf08760, 0x000001e75bf0ac20]
Event: 0.283 Thread 0x000001e76face8b0  484       3       java.math.BigInteger::addOne (77 bytes)
Event: 0.283 Thread 0x000001e76face8b0 nmethod 484 0x000001e75bf0ac88 code [0x000001e75bf0adc0, 0x000001e75bf0b0d8]
Event: 0.285 Thread 0x000001e76face8b0  486       3       java.lang.Number::<init> (5 bytes)
Event: 0.285 Thread 0x000001e76face8b0 nmethod 486 0x000001e75bf0b108 code [0x000001e75bf0b220, 0x000001e75bf0b380]

GC Heap History (0 events):
No events

Dll operation events (9 events):
Event: 0.018 Loaded shared library C:\Program Files\Java\jdk-24\bin\java.dll
Event: 0.077 Loaded shared library C:\Program Files\Java\jdk-24\bin\jsvml.dll
Event: 0.144 Loaded shared library C:\Program Files\Java\jdk-24\bin\zip.dll
Event: 0.147 Loaded shared library C:\Program Files\Java\jdk-24\bin\instrument.dll
Event: 0.150 Loaded shared library C:\Program Files\Java\jdk-24\bin\net.dll
Event: 0.152 Loaded shared library C:\Program Files\Java\jdk-24\bin\nio.dll
Event: 0.160 Loaded shared library C:\Program Files\Java\jdk-24\bin\zip.dll
Event: 0.178 Loaded shared library C:\Program Files\Java\jdk-24\bin\jimage.dll
Event: 0.194 Loaded shared library C:\Program Files\Java\jdk-24\bin\extnet.dll

Deoptimization events (16 events):
Event: 0.232 Thread 0x000001e7535ddf20 Uncommon trap: trap_request=0xffffffde fr.pc=0x000001e76395b1d4 relative=0x00000000000002f4
Event: 0.232 Thread 0x000001e7535ddf20 Uncommon trap: reason=class_check action=maybe_recompile pc=0x000001e76395b1d4 method=java.util.regex.Pattern$BmpCharPropertyGreedy.match(Ljava/util/regex/Matcher;ILjava/lang/CharSequence;)Z @ 26 c2
Event: 0.232 Thread 0x000001e7535ddf20 DEOPT PACKING pc=0x000001e76395b1d4 sp=0x0000008144cfedc0
Event: 0.232 Thread 0x000001e7535ddf20 DEOPT UNPACKING pc=0x000001e7634cf802 sp=0x0000008144cfed78 mode 2
Event: 0.250 Thread 0x000001e7535ddf20 Uncommon trap: trap_request=0xffffffde fr.pc=0x000001e76395b1d4 relative=0x00000000000002f4
Event: 0.250 Thread 0x000001e7535ddf20 Uncommon trap: reason=class_check action=maybe_recompile pc=0x000001e76395b1d4 method=java.util.regex.Pattern$BmpCharPropertyGreedy.match(Ljava/util/regex/Matcher;ILjava/lang/CharSequence;)Z @ 26 c2
Event: 0.250 Thread 0x000001e7535ddf20 DEOPT PACKING pc=0x000001e76395b1d4 sp=0x0000008144cfecd0
Event: 0.250 Thread 0x000001e7535ddf20 DEOPT UNPACKING pc=0x000001e7634cf802 sp=0x0000008144cfec88 mode 2
Event: 0.250 Thread 0x000001e7535ddf20 Uncommon trap: trap_request=0xffffffde fr.pc=0x000001e76395b1d4 relative=0x00000000000002f4
Event: 0.250 Thread 0x000001e7535ddf20 Uncommon trap: reason=class_check action=maybe_recompile pc=0x000001e76395b1d4 method=java.util.regex.Pattern$BmpCharPropertyGreedy.match(Ljava/util/regex/Matcher;ILjava/lang/CharSequence;)Z @ 26 c2
Event: 0.250 Thread 0x000001e7535ddf20 DEOPT PACKING pc=0x000001e76395b1d4 sp=0x0000008144cfecc0
Event: 0.250 Thread 0x000001e7535ddf20 DEOPT UNPACKING pc=0x000001e7634cf802 sp=0x0000008144cfec78 mode 2
Event: 0.250 Thread 0x000001e7535ddf20 Uncommon trap: trap_request=0xffffffde fr.pc=0x000001e76395b1d4 relative=0x00000000000002f4
Event: 0.250 Thread 0x000001e7535ddf20 Uncommon trap: reason=class_check action=maybe_recompile pc=0x000001e76395b1d4 method=java.util.regex.Pattern$BmpCharPropertyGreedy.match(Ljava/util/regex/Matcher;ILjava/lang/CharSequence;)Z @ 26 c2
Event: 0.250 Thread 0x000001e7535ddf20 DEOPT PACKING pc=0x000001e76395b1d4 sp=0x0000008144cfeba0
Event: 0.250 Thread 0x000001e7535ddf20 DEOPT UNPACKING pc=0x000001e7634cf802 sp=0x0000008144cfeb58 mode 2

Classes loaded (20 events):
Event: 0.266 Loading class java/util/ResourceBundle$CacheKeyReference done
Event: 0.266 Loading class java/util/ResourceBundle$KeyElementReference done
Event: 0.268 Loading class java/util/PropertyResourceBundle
Event: 0.268 Loading class java/util/PropertyResourceBundle done
Event: 0.268 Loading class sun/util/PropertyResourceBundleCharset
Event: 0.268 Loading class sun/util/PropertyResourceBundleCharset done
Event: 0.268 Loading class sun/util/PropertyResourceBundleCharset$PropertiesFileDecoder
Event: 0.268 Loading class sun/util/PropertyResourceBundleCharset$PropertiesFileDecoder done
Event: 0.277 Loading class java/util/ResourceBundle$BundleReference
Event: 0.277 Loading class java/util/ResourceBundle$BundleReference done
Event: 0.278 Loading class java/text/MessageFormat
Event: 0.279 Loading class java/text/MessageFormat done
Event: 0.279 Loading class java/math/BigDecimal
Event: 0.280 Loading class java/math/BigDecimal done
Event: 0.282 Loading class java/math/BigInteger$RecursiveOp
Event: 0.282 Loading class java/util/concurrent/RecursiveTask
Event: 0.282 Loading class java/util/concurrent/RecursiveTask done
Event: 0.282 Loading class java/math/BigInteger$RecursiveOp done
Event: 0.283 Loading class java/math/BigInteger$RecursiveOp$RecursiveSquare
Event: 0.283 Loading class java/math/BigInteger$RecursiveOp$RecursiveSquare done

Classes unloaded (0 events):
No events

Classes redefined (0 events):
No events

Internal exceptions (6 events):
Event: 0.165 Thread 0x000001e7535ddf20 Exception <a 'java/lang/NoSuchMethodError'{0x000000008d15edf8}: 'void java.lang.invoke.DirectMethodHandle$Holder.invokeStatic(java.lang.Object, java.lang.Object, java.lang.Object)'> (0x000000008d15edf8) 
thrown [s\open\src\hotspot\share\interpreter\linkResolver.cpp, line 805]
Event: 0.171 Thread 0x000001e7535ddf20 Exception <a 'java/lang/NoSuchMethodError'{0x000000008d013c10}: 'java.lang.Object java.lang.invoke.Invokers$Holder.invokeExact_MT(java.lang.Object, java.lang.Object, java.lang.Object, java.lang.Object, java.lang.Object)'> (0x000000008d013c10) 
thrown [s\open\src\hotspot\share\interpreter\linkResolver.cpp, line 805]
Event: 0.174 Thread 0x000001e7535ddf20 Exception <a 'java/io/FileNotFoundException'{0x000000008d0243c8}> (0x000000008d0243c8) 
thrown [s\open\src\hotspot\share\prims\jni.cpp, line 518]
Event: 0.188 Thread 0x000001e7451d86e0 Exception <a 'java/lang/NoSuchMethodError'{0x000000008d085220}: 'java.lang.Object java.lang.invoke.DirectMethodHandle$Holder.invokeStaticInit(java.lang.Object)'> (0x000000008d085220) 
thrown [s\open\src\hotspot\share\interpreter\linkResolver.cpp, line 805]
Event: 0.196 Thread 0x000001e7451d86e0 Exception <a 'java/lang/NoSuchMethodError'{0x000000008d08fb10}: 'void java.lang.invoke.DirectMethodHandle$Holder.invokeStatic(java.lang.Object, java.lang.Object)'> (0x000000008d08fb10) 
thrown [s\open\src\hotspot\share\interpreter\linkResolver.cpp, line 805]
Event: 0.262 Thread 0x000001e7535ddf20 Exception <a 'java/lang/NoSuchMethodError'{0x000000008ceac6e0}: 'java.lang.Object java.lang.invoke.DirectMethodHandle$Holder.invokeInterface(java.lang.Object, java.lang.Object)'> (0x000000008ceac6e0) 
thrown [s\open\src\hotspot\share\interpreter\linkResolver.cpp, line 805]

VM Operations (4 events):
Event: 0.125 Executing VM operation: HandshakeAllThreads (Deoptimize)
Event: 0.125 Executing VM operation: HandshakeAllThreads (Deoptimize) done
Event: 0.227 Executing VM operation: HandshakeAllThreads (Deoptimize)
Event: 0.227 Executing VM operation: HandshakeAllThreads (Deoptimize) done

Memory protections (0 events):
No events

Nmethod flushes (0 events):
No events

Events (14 events):
Event: 0.053 Thread 0x000001e7535ddf20 Thread added: 0x000001e7535ddf20
Event: 0.073 Thread 0x000001e7535ddf20 Thread added: 0x000001e76faa6bb0
Event: 0.073 Thread 0x000001e7535ddf20 Thread added: 0x000001e76faa84c0
Event: 0.074 Thread 0x000001e7535ddf20 Thread added: 0x000001e76faad920
Event: 0.074 Thread 0x000001e7535ddf20 Thread added: 0x000001e76faaece0
Event: 0.074 Thread 0x000001e7535ddf20 Thread added: 0x000001e76faaf900
Event: 0.074 Thread 0x000001e7535ddf20 Thread added: 0x000001e76fab0520
Event: 0.074 Thread 0x000001e7535ddf20 Thread added: 0x000001e76fab26e0
Event: 0.074 Thread 0x000001e7535ddf20 Thread added: 0x000001e76face8b0
Event: 0.119 Thread 0x000001e7535ddf20 Thread added: 0x000001e745063600
Event: 0.173 Thread 0x000001e7535ddf20 Thread added: 0x000001e7451d86e0
Event: 0.174 Thread 0x000001e7535ddf20 Thread added: 0x000001e7451d8e20
Event: 0.214 Thread 0x000001e7535ddf20 Thread added: 0x000001e7451f7500
Event: 0.276 Thread 0x000001e76fab26e0 Thread added: 0x000001e7454e9520


Dynamic libraries:
0x00007ff736f70000 - 0x00007ff736f80000 	C:\Program Files\Java\jdk-24\bin\java.exe
0x00007ff877640000 - 0x00007ff8778a8000 	C:\WINDOWS\SYSTEM32\ntdll.dll
0x00007ff875c20000 - 0x00007ff875ce9000 	C:\WINDOWS\System32\KERNEL32.DLL
0x00007ff874e10000 - 0x00007ff8751fd000 	C:\WINDOWS\System32\KERNELBASE.dll
0x00007ff874790000 - 0x00007ff8748db000 	C:\WINDOWS\System32\ucrtbase.dll
0x00007ff871120000 - 0x00007ff87113b000 	C:\Program Files\Java\jdk-24\bin\VCRUNTIME140.dll
0x00007ff871100000 - 0x00007ff871116000 	C:\Program Files\Java\jdk-24\bin\jli.dll
0x00007ff8756e0000 - 0x00007ff8758ac000 	C:\WINDOWS\System32\USER32.dll
0x00007ff874c70000 - 0x00007ff874c97000 	C:\WINDOWS\System32\win32u.dll
0x00007ff859a70000 - 0x00007ff859d0a000 	C:\WINDOWS\WinSxS\amd64_microsoft.windows.common-controls_6595b64144ccf1df_6.0.26100.4484_none_3e0e6d4ce32ef3b3\COMCTL32.dll
0x00007ff8758b0000 - 0x00007ff8758db000 	C:\WINDOWS\System32\GDI32.dll
0x00007ff8752a0000 - 0x00007ff8753d7000 	C:\WINDOWS\System32\gdi32full.dll
0x00007ff8759a0000 - 0x00007ff875a49000 	C:\WINDOWS\System32\msvcrt.dll
0x00007ff874ca0000 - 0x00007ff874d43000 	C:\WINDOWS\System32\msvcp_win.dll
0x00007ff876ce0000 - 0x00007ff876d0f000 	C:\WINDOWS\System32\IMM32.DLL
0x00007ff8710f0000 - 0x00007ff8710fc000 	C:\Program Files\Java\jdk-24\bin\vcruntime140_1.dll
0x00007ff8606b0000 - 0x00007ff86073e000 	C:\Program Files\Java\jdk-24\bin\msvcp140.dll
0x00007fffe7f80000 - 0x00007fffe8d22000 	C:\Program Files\Java\jdk-24\bin\server\jvm.dll
0x00007ff876e30000 - 0x00007ff876ee4000 	C:\WINDOWS\System32\ADVAPI32.dll
0x00007ff8758f0000 - 0x00007ff875996000 	C:\WINDOWS\System32\sechost.dll
0x00007ff8753e0000 - 0x00007ff8754f8000 	C:\WINDOWS\System32\RPCRT4.dll
0x00007ff876ef0000 - 0x00007ff876f64000 	C:\WINDOWS\System32\WS2_32.dll
0x00007ff8745e0000 - 0x00007ff87463e000 	C:\WINDOWS\SYSTEM32\POWRPROF.dll
0x00007ff86a100000 - 0x00007ff86a135000 	C:\WINDOWS\SYSTEM32\WINMM.dll
0x00007ff860aa0000 - 0x00007ff860aab000 	C:\WINDOWS\SYSTEM32\VERSION.dll
0x00007ff8745c0000 - 0x00007ff8745d4000 	C:\WINDOWS\SYSTEM32\UMPDC.dll
0x00007ff873540000 - 0x00007ff87355b000 	C:\WINDOWS\SYSTEM32\kernel.appcore.dll
0x00007ff8710e0000 - 0x00007ff8710ea000 	C:\Program Files\Java\jdk-24\bin\jimage.dll
0x00007ff871ea0000 - 0x00007ff8720e1000 	C:\WINDOWS\SYSTEM32\DBGHELP.DLL
0x00007ff8764a0000 - 0x00007ff876826000 	C:\WINDOWS\System32\combase.dll
0x00007ff875ad0000 - 0x00007ff875bb0000 	C:\WINDOWS\System32\OLEAUT32.dll
0x00007ff84ab90000 - 0x00007ff84abd3000 	C:\WINDOWS\SYSTEM32\dbgcore.DLL
0x00007ff875200000 - 0x00007ff875299000 	C:\WINDOWS\System32\bcryptPrimitives.dll
0x00007ff870a80000 - 0x00007ff870a8f000 	C:\Program Files\Java\jdk-24\bin\instrument.dll
0x00007ff870a60000 - 0x00007ff870a7e000 	C:\Program Files\Java\jdk-24\bin\java.dll
0x00007ff875530000 - 0x00007ff8756ce000 	C:\WINDOWS\System32\ole32.dll
0x00007ff875cf0000 - 0x00007ff87643a000 	C:\WINDOWS\System32\SHELL32.dll
0x00007ff8748e0000 - 0x00007ff874a54000 	C:\WINDOWS\System32\wintypes.dll
0x00007ff8723c0000 - 0x00007ff872c1b000 	C:\WINDOWS\SYSTEM32\windows.storage.dll
0x00007ff876d30000 - 0x00007ff876e25000 	C:\WINDOWS\System32\SHCORE.dll
0x00007ff877080000 - 0x00007ff8770ea000 	C:\WINDOWS\System32\shlwapi.dll
0x00007ff8746a0000 - 0x00007ff8746cf000 	C:\WINDOWS\SYSTEM32\profapi.dll
0x00007ff850a60000 - 0x00007ff850b37000 	C:\Program Files\Java\jdk-24\bin\jsvml.dll
0x00007ff86c840000 - 0x00007ff86c857000 	C:\Program Files\Java\jdk-24\bin\zip.dll
0x00007ff86c830000 - 0x00007ff86c840000 	C:\Program Files\Java\jdk-24\bin\net.dll
0x00007ff873ac0000 - 0x00007ff873b2a000 	C:\WINDOWS\system32\mswsock.dll
0x00007ff86c810000 - 0x00007ff86c826000 	C:\Program Files\Java\jdk-24\bin\nio.dll
0x00007ff861070000 - 0x00007ff861079000 	C:\Program Files\Java\jdk-24\bin\extnet.dll

dbghelp: loaded successfully - version: 4.0.5 - missing functions: none
symbol engine: initialized successfully - sym options: 0x614 - pdb path: .;C:\Program Files\Java\jdk-24\bin;C:\WINDOWS\SYSTEM32;C:\WINDOWS\WinSxS\amd64_microsoft.windows.common-controls_6595b64144ccf1df_6.0.26100.4484_none_3e0e6d4ce32ef3b3;C:\Program Files\Java\jdk-24\bin\server

VM Arguments:
jvm_args: -javaagent:C:\Program Files\JetBrains\IntelliJ IDEA Community Edition 2024.3.5\lib\idea_rt.jar=50154 -Dfile.encoding=UTF-8 -Dsun.stdout.encoding=UTF-8 -Dsun.stderr.encoding=UTF-8 
java_command: Library
java_class_path (initial): G:\Extra_Class\Software_Development\Library_System\out\production\Library_System;G:\Extra_Class\Software_Development\Library_System\lib\mysql-connector-j-9.3.0.jar
Launcher Type: SUN_STANDARD

[Global flags]
     intx CICompilerCount                          = 3                                         {product} {ergonomic}
     uint ConcGCThreads                            = 1                                         {product} {ergonomic}
     uint G1ConcRefinementThreads                  = 4                                         {product} {ergonomic}
   size_t G1HeapRegionSize                         = 1048576                                   {product} {ergonomic}
   size_t InitialHeapSize                          = 130023424                                 {product} {ergonomic}
   size_t MarkStackSize                            = 4194304                                   {product} {ergonomic}
   size_t MarkStackSizeMax                         = 536870912                                 {product} {ergonomic}
   size_t MaxHeapSize                              = 2055208960                                {product} {ergonomic}
   size_t MaxNewSize                               = 1233125376                                {product} {ergonomic}
   size_t MinHeapDeltaBytes                        = 1048576                                   {product} {ergonomic}
   size_t MinHeapSize                              = 8388608                                   {product} {ergonomic}
    uintx NonNMethodCodeHeapSize                   = 5832704                                {pd product} {ergonomic}
    uintx NonProfiledCodeHeapSize                  = 122945536                              {pd product} {ergonomic}
    uintx ProfiledCodeHeapSize                     = 122880000                              {pd product} {ergonomic}
    uintx ReservedCodeCacheSize                    = 251658240                              {pd product} {ergonomic}
     bool SegmentedCodeCache                       = true                                      {product} {ergonomic}
   size_t SoftMaxHeapSize                          = 2055208960                             {manageable} {ergonomic}
     bool UseCompressedOops                        = true                           {product lp64_product} {ergonomic}
     bool UseG1GC                                  = true                                      {product} {ergonomic}
     bool UseLargePagesIndividualAllocation        = false                                  {pd product} {ergonomic}

Logging:
Log output configuration:
 #0: stdout all=warning uptime,level,tags foldmultilines=false
 #1: stderr all=off uptime,level,tags foldmultilines=false

Environment Variables:
PATH=C:\Program Files\Common Files\Oracle\Java\javapath;C:\Program Files (x86)\VMware\VMware Workstation\bin\;C:\WINDOWS\system32;C:\WINDOWS;C:\WINDOWS\System32\Wbem;C:\WINDOWS\System32\WindowsPowerShell\v1.0\;C:\WINDOWS\System32\OpenSSH\;C:\Program Files\HP\HP One Agent;C:\WINDOWS\system32;C:\WINDOWS;C:\WINDOWS\System32\Wbem;C:\WINDOWS\System32\WindowsPowerShell\v1.0\;C:\WINDOWS\System32\OpenSSH\;C:\Users\HP\AppData\Local\Programs\Python\Python313;C:\Users\HP\AppData\Local\Programs\Python\Python313\Scripts;C:\Program Files\Git\cmd;C:\Users\HP\AppData\Local\Programs\Python\Python313\Scripts\;C:\Users\HP\AppData\Local\Programs\Python\Python313\;C:\Users\HP\AppData\Local\Microsoft\WindowsApps;G:\Apps\Microsoft VS Code\bin;C:\Program Files\JetBrains\IntelliJ IDEA Community Edition 2024.3.5\bin;C:\Users\HP\AppData\Local\GitHubDesktop\bin;C:\Users\HP\AppData\Local\Programs\Microsoft VS Code Insiders\bin;C:\Users\HP\AppData\Local\JetBrains\Toolbox\scripts;;C:\Program Files\JetBrains\IntelliJ IDEA Community Edition 2024.3.5\bin;
USERNAME=HP
OS=Windows_NT
PROCESSOR_IDENTIFIER=Intel64 Family 6 Model 140 Stepping 1, GenuineIntel
TMP=C:\Users\HP\AppData\Local\Temp
TEMP=C:\Users\HP\AppData\Local\Temp




Periodic native trim disabled

---------------  S Y S T E M  ---------------

OS:
 Windows 11 , 64 bit Build 26100 (10.0.26100.4484)
OS uptime: 0 days 0:41 hours
Hyper-V role detected

CPU: total 4 (initial active 4) (2 cores per cpu, 2 threads per core) family 6 model 140 stepping 1 microcode 0xb4, cx8, cmov, fxsr, ht, mmx, 3dnowpref, sse, sse2, sse3, ssse3, sse4.1, sse4.2, popcnt, lzcnt, tsc, tscinvbit, avx, avx2, aes, erms, clmul, bmi1, bmi2, adx, avx512f, avx512dq, avx512cd, avx512bw, avx512vl, sha, fma, vzeroupper, avx512_vpopcntdq, avx512_vpclmulqdq, avx512_vaes, avx512_vnni, clflush, clflushopt, clwb, avx512_vbmi2, avx512_vbmi, hv, rdtscp, rdpid, fsrm, gfni, avx512_bitalg, f16c, cet_ibt, cet_ss, avx512_ifma
Processor Information for processor 0
  Max Mhz: 2901, Current Mhz: 2901, Mhz Limit: 2901
Processor Information for processor 1
  Max Mhz: 2901, Current Mhz: 2901, Mhz Limit: 2901
Processor Information for processor 2
  Max Mhz: 2901, Current Mhz: 2901, Mhz Limit: 2901
Processor Information for processor 3
  Max Mhz: 2901, Current Mhz: 1000, Mhz Limit: 2901

Memory: 4k page, system-wide physical 7834M (1393M free)
TotalPageFile size 8858M (AvailPageFile size 4M)
current process WorkingSet (physical memory assigned to process): 59M, peak: 59M
current process commit charge ("private bytes"): 209M, peak: 211M

vm_info: Java HotSpot(TM) 64-Bit Server VM (24+36-3646) for windows-amd64 JRE (24+36-3646), built on 2025-02-06T00:20:43Z with MS VC++ 17.6 (VS2022)

END.
