#
# There is insufficient memory for the Java Runtime Environment to continue.
# Native memory allocation (malloc) failed to allocate 2660752 bytes. Error detail: Chunk::new
# Possible reasons:
#   The system is out of physical RAM or swap space
#   This process is running with CompressedOops enabled, and the Java Heap may be blocking the growth of the native heap
# Possible solutions:
#   Reduce memory load on the system
#   Increase physical memory or swap space
#   Check if swap backing store is full
#   Decrease Java heap size (-Xmx/-Xms)
#   Decrease number of Java threads
#   Decrease Java thread stack sizes (-Xss)
#   Set larger code cache with -XX:ReservedCodeCacheSize=
#   JVM is running with Unscaled Compressed Oops mode in which the Java heap is
#     placed in the first 4GB address space. The Java Heap base address is the
#     maximum limit for the native heap growth. Please use -XX:HeapBaseMinAddress
#     to set the Java Heap base and to place the Java Heap above 4GB virtual address.
# This output file may be truncated or incomplete.
#
#  Out of Memory Error (arena.cpp:162), pid=9552, tid=15080
#
# JRE version: Java(TM) SE Runtime Environment (24.0+36) (build 24+36-3646)
# Java VM: Java HotSpot(TM) 64-Bit Server VM (24+36-3646, mixed mode, sharing, tiered, compressed oops, compressed class ptrs, g1 gc, windows-amd64)
# No core dump will be written. Minidumps are not enabled by default on client versions of Windows
#

---------------  S U M M A R Y ------------

Command Line: -javaagent:C:\Program Files\JetBrains\IntelliJ IDEA Community Edition 2024.3.5\lib\idea_rt.jar=50175 -Dfile.encoding=UTF-8 -Dsun.stdout.encoding=UTF-8 -Dsun.stderr.encoding=UTF-8 Library

Host: 11th Gen Intel(R) Core(TM) i3-1115G4 @ 3.00GHz, 4 cores, 7G,  Windows 11 , 64 bit Build 26100 (10.0.26100.4484)
Time: Fri Jul 11 12:03:20 2025 Nepal Standard Time elapsed time: 0.303751 seconds (0d 0h 0m 0s)

---------------  T H R E A D  ---------------

Current thread (0x00000224c67fe730):  JavaThread "C2 CompilerThread0" daemon [_thread_in_native, id=15080, stack(0x0000004724400000,0x0000004724500000) (1024K)]


Current CompileTask:
C2:303  454       4       java.util.Properties::loadConvert (540 bytes)

Stack: [0x0000004724400000,0x0000004724500000]
Native frames: (J=compiled Java code, j=interpreted, Vv=VM code, C=native code)
V  [jvm.dll+0x7308c9]  (no source info available)
V  [jvm.dll+0x8d9ca3]  (no source info available)
V  [jvm.dll+0x8dc13d]  (no source info available)
V  [jvm.dll+0x8dc7b3]  (no source info available)
V  [jvm.dll+0x2aa046]  (no source info available)
V  [jvm.dll+0xced8f]  (no source info available)
V  [jvm.dll+0xcefef]  (no source info available)
V  [jvm.dll+0x154d23]  (no source info available)
V  [jvm.dll+0x7360ef]  (no source info available)
V  [jvm.dll+0x26f9dc]  (no source info available)
V  [jvm.dll+0x26e9ff]  (no source info available)
V  [jvm.dll+0x1e9d00]  (no source info available)
V  [jvm.dll+0x27e1bb]  (no source info available)
V  [jvm.dll+0x27c45a]  (no source info available)
V  [jvm.dll+0x42f566]  (no source info available)
V  [jvm.dll+0x87d8fb]  (no source info available)
V  [jvm.dll+0x72efe5]  (no source info available)
C  [ucrtbase.dll+0x37b0]  (no source info available)
C  [KERNEL32.DLL+0x2e8d7]  (no source info available)
C  [ntdll.dll+0x3c34c]  (no source info available)

Lock stack of current Java thread (top to bottom):


---------------  P R O C E S S  ---------------

Threads class SMR info:
_java_thread_list=0x00000224c6af7460, length=14, elements={
0x00000224aa2ca2b0, 0x00000224c67e4fd0, 0x00000224c67e6e00, 0x00000224c67ec190,
0x00000224c67eccc0, 0x00000224c67ef370, 0x00000224c67f11b0, 0x00000224c67fe730,
0x00000224c681b920, 0x00000224c68b0860, 0x00000224c6abb940, 0x00000224c6abc080,
0x00000224c6afc480, 0x00000224c6afa890
}

Java Threads: ( => current thread )
  0x00000224aa2ca2b0 JavaThread "main"                              [_thread_in_vm, id=1324, stack(0x0000004723600000,0x0000004723700000) (1024K)]
  0x00000224c67e4fd0 JavaThread "Reference Handler"          daemon [_thread_blocked, id=8912, stack(0x0000004723e00000,0x0000004723f00000) (1024K)]
  0x00000224c67e6e00 JavaThread "Finalizer"                  daemon [_thread_blocked, id=14576, stack(0x0000004723f00000,0x0000004724000000) (1024K)]
  0x00000224c67ec190 JavaThread "Signal Dispatcher"          daemon [_thread_blocked, id=11188, stack(0x0000004724000000,0x0000004724100000) (1024K)]
  0x00000224c67eccc0 JavaThread "Attach Listener"            daemon [_thread_blocked, id=7780, stack(0x0000004724100000,0x0000004724200000) (1024K)]
  0x00000224c67ef370 JavaThread "Service Thread"             daemon [_thread_blocked, id=13200, stack(0x0000004724200000,0x0000004724300000) (1024K)]
  0x00000224c67f11b0 JavaThread "Monitor Deflation Thread"   daemon [_thread_blocked, id=3224, stack(0x0000004724300000,0x0000004724400000) (1024K)]
=>0x00000224c67fe730 JavaThread "C2 CompilerThread0"         daemon [_thread_in_native, id=15080, stack(0x0000004724400000,0x0000004724500000) (1024K)]
  0x00000224c681b920 JavaThread "C1 CompilerThread0"         daemon [_thread_in_native, id=13392, stack(0x0000004724500000,0x0000004724600000) (1024K)]
  0x00000224c68b0860 JavaThread "Common-Cleaner"             daemon [_thread_blocked, id=10848, stack(0x0000004724600000,0x0000004724700000) (1024K)]
  0x00000224c6abb940 JavaThread "Monitor Ctrl-Break"         daemon [_thread_in_native, id=5476, stack(0x0000004724700000,0x0000004724800000) (1024K)]
  0x00000224c6abc080 JavaThread "Notification Thread"        daemon [_thread_blocked, id=10896, stack(0x0000004724800000,0x0000004724900000) (1024K)]
  0x00000224c6afc480 JavaThread "mysql-cj-abandoned-connection-cleanup" daemon [_thread_blocked, id=4288, stack(0x0000004724900000,0x0000004724a00000) (1024K)]
  0x00000224c6afa890 JavaThread "C2 CompilerThread1"         daemon [_thread_in_native, id=9952, stack(0x0000004724a00000,0x0000004724b00000) (1024K)]
Total: 14

Other Threads:
  0x00000224c67d4580 VMThread "VM Thread"                           [id=9740, stack(0x0000004723d00000,0x0000004723e00000) (1024K)]
  0x00000224c67c40e0 WatcherThread "VM Periodic Task Thread"        [id=7964, stack(0x0000004723c00000,0x0000004723d00000) (1024K)]
  0x00000224aa31fb90 WorkerThread "GC Thread#0"                     [id=12020, stack(0x0000004723700000,0x0000004723800000) (1024K)]
  0x00000224aa333db0 ConcurrentGCThread "G1 Main Marker"            [id=4024, stack(0x0000004723800000,0x0000004723900000) (1024K)]
  0x00000224aa3347d0 WorkerThread "G1 Conc#0"                       [id=6240, stack(0x0000004723900000,0x0000004723a00000) (1024K)]
  0x00000224aa38e140 ConcurrentGCThread "G1 Refine#0"               [id=6328, stack(0x0000004723a00000,0x0000004723b00000) (1024K)]
  0x00000224c668fb80 ConcurrentGCThread "G1 Service"                [id=13660, stack(0x0000004723b00000,0x0000004723c00000) (1024K)]
Total: 7

Threads with active compile tasks:
C2 CompilerThread0  365  454       4       java.util.Properties::loadConvert (540 bytes)
C2 CompilerThread1  365  634       4       java.lang.StringLatin1::replace (197 bytes)
Total: 2

VM state: not at safepoint (normal execution)

VM Mutex/Monitor currently owned by a thread: None

Heap address: 0x0000000085800000, size: 1960 MB, Compressed Oops mode: 32-bit

CDS archive(s) mapped at: [0x00000224c7000000-0x00000224c7d40000-0x00000224c7d40000), size 13893632, SharedBaseAddress: 0x00000224c7000000, ArchiveRelocationMode: 1.
Compressed class space mapped at: 0x00000224c8000000-0x0000022508000000, reserved size: 1073741824
UseCompressedClassPointers 1, UseCompactObjectHeaders 0
Narrow klass pointer bits 32, Max shift 3
Narrow klass base: 0x00000224c7000000, Narrow klass shift: 0
Encoding Range: [0x00000224c7000000 - 0x00000225c7000000), (4294967296 bytes)
Klass Range:    [0x00000224c7000000 - 0x0000022508000000), (1090519040 bytes)
Klass ID Range:  [8 - 1090519033) (1090519025)

GC Precious Log:
 CardTable entry size: 512
 Card Set container configuration: InlinePtr #cards 5 size 8 Array Of Cards #cards 10 size 36 Howl #buckets 4 coarsen threshold 1843 Howl Bitmap #cards 512 size 80 coarsen threshold 460 Card regions per heap region 1 cards per card region 2048
 CPUs: 4 total, 4 available
 Memory: 7834M
 Large Page Support: Disabled
 NUMA Support: Disabled
 Compressed Oops: Enabled (32-bit)
 Heap Region Size: 1M
 Heap Min Capacity: 8M
 Heap Initial Capacity: 124M
 Heap Max Capacity: 1960M
 Pre-touch: Disabled
 Parallel Workers: 4
 Concurrent Workers: 1
 Concurrent Refinement Workers: 4
 Periodic GC: Disabled

Heap:
 garbage-first heap   total reserved 2007040K, committed 129024K, used 12404K [0x0000000085800000, 0x0000000100000000)
  region size 1024K, 12 young (12288K), 0 survivors (0K)
 Metaspace       used 2987K, committed 3136K, reserved 1114112K
  class space    used 222K, committed 320K, reserved 1048576K

Heap Regions: E=young(eden), S=young(survivor), O=old, HS=humongous(starts), HC=humongous(continues), CS=collection set, F=free, TAMS=top-at-mark-start, PB=parsable bottom
|   0|0x0000000085800000, 0x0000000085800000, 0x0000000085900000|  0%| F|  |TAMS 0x0000000085800000| PB 0x0000000085800000| Untracked |  0
|   1|0x0000000085900000, 0x0000000085900000, 0x0000000085a00000|  0%| F|  |TAMS 0x0000000085900000| PB 0x0000000085900000| Untracked |  0
|   2|0x0000000085a00000, 0x0000000085a00000, 0x0000000085b00000|  0%| F|  |TAMS 0x0000000085a00000| PB 0x0000000085a00000| Untracked |  0
|   3|0x0000000085b00000, 0x0000000085b00000, 0x0000000085c00000|  0%| F|  |TAMS 0x0000000085b00000| PB 0x0000000085b00000| Untracked |  0
|   4|0x0000000085c00000, 0x0000000085c00000, 0x0000000085d00000|  0%| F|  |TAMS 0x0000000085c00000| PB 0x0000000085c00000| Untracked |  0
|   5|0x0000000085d00000, 0x0000000085d00000, 0x0000000085e00000|  0%| F|  |TAMS 0x0000000085d00000| PB 0x0000000085d00000| Untracked |  0
|   6|0x0000000085e00000, 0x0000000085e00000, 0x0000000085f00000|  0%| F|  |TAMS 0x0000000085e00000| PB 0x0000000085e00000| Untracked |  0
|   7|0x0000000085f00000, 0x0000000085f00000, 0x0000000086000000|  0%| F|  |TAMS 0x0000000085f00000| PB 0x0000000085f00000| Untracked |  0
|   8|0x0000000086000000, 0x0000000086000000, 0x0000000086100000|  0%| F|  |TAMS 0x0000000086000000| PB 0x0000000086000000| Untracked |  0
|   9|0x0000000086100000, 0x0000000086100000, 0x0000000086200000|  0%| F|  |TAMS 0x0000000086100000| PB 0x0000000086100000| Untracked |  0
|  10|0x0000000086200000, 0x0000000086200000, 0x0000000086300000|  0%| F|  |TAMS 0x0000000086200000| PB 0x0000000086200000| Untracked |  0
|  11|0x0000000086300000, 0x0000000086300000, 0x0000000086400000|  0%| F|  |TAMS 0x0000000086300000| PB 0x0000000086300000| Untracked |  0
|  12|0x0000000086400000, 0x0000000086400000, 0x0000000086500000|  0%| F|  |TAMS 0x0000000086400000| PB 0x0000000086400000| Untracked |  0
|  13|0x0000000086500000, 0x0000000086500000, 0x0000000086600000|  0%| F|  |TAMS 0x0000000086500000| PB 0x0000000086500000| Untracked |  0
|  14|0x0000000086600000, 0x0000000086600000, 0x0000000086700000|  0%| F|  |TAMS 0x0000000086600000| PB 0x0000000086600000| Untracked |  0
|  15|0x0000000086700000, 0x0000000086700000, 0x0000000086800000|  0%| F|  |TAMS 0x0000000086700000| PB 0x0000000086700000| Untracked |  0
|  16|0x0000000086800000, 0x0000000086800000, 0x0000000086900000|  0%| F|  |TAMS 0x0000000086800000| PB 0x0000000086800000| Untracked |  0
|  17|0x0000000086900000, 0x0000000086900000, 0x0000000086a00000|  0%| F|  |TAMS 0x0000000086900000| PB 0x0000000086900000| Untracked |  0
|  18|0x0000000086a00000, 0x0000000086a00000, 0x0000000086b00000|  0%| F|  |TAMS 0x0000000086a00000| PB 0x0000000086a00000| Untracked |  0
|  19|0x0000000086b00000, 0x0000000086b00000, 0x0000000086c00000|  0%| F|  |TAMS 0x0000000086b00000| PB 0x0000000086b00000| Untracked |  0
|  20|0x0000000086c00000, 0x0000000086c00000, 0x0000000086d00000|  0%| F|  |TAMS 0x0000000086c00000| PB 0x0000000086c00000| Untracked |  0
|  21|0x0000000086d00000, 0x0000000086d00000, 0x0000000086e00000|  0%| F|  |TAMS 0x0000000086d00000| PB 0x0000000086d00000| Untracked |  0
|  22|0x0000000086e00000, 0x0000000086e00000, 0x0000000086f00000|  0%| F|  |TAMS 0x0000000086e00000| PB 0x0000000086e00000| Untracked |  0
|  23|0x0000000086f00000, 0x0000000086f00000, 0x0000000087000000|  0%| F|  |TAMS 0x0000000086f00000| PB 0x0000000086f00000| Untracked |  0
|  24|0x0000000087000000, 0x0000000087000000, 0x0000000087100000|  0%| F|  |TAMS 0x0000000087000000| PB 0x0000000087000000| Untracked |  0
|  25|0x0000000087100000, 0x0000000087100000, 0x0000000087200000|  0%| F|  |TAMS 0x0000000087100000| PB 0x0000000087100000| Untracked |  0
|  26|0x0000000087200000, 0x0000000087200000, 0x0000000087300000|  0%| F|  |TAMS 0x0000000087200000| PB 0x0000000087200000| Untracked |  0
|  27|0x0000000087300000, 0x0000000087300000, 0x0000000087400000|  0%| F|  |TAMS 0x0000000087300000| PB 0x0000000087300000| Untracked |  0
|  28|0x0000000087400000, 0x0000000087400000, 0x0000000087500000|  0%| F|  |TAMS 0x0000000087400000| PB 0x0000000087400000| Untracked |  0
|  29|0x0000000087500000, 0x0000000087500000, 0x0000000087600000|  0%| F|  |TAMS 0x0000000087500000| PB 0x0000000087500000| Untracked |  0
|  30|0x0000000087600000, 0x0000000087600000, 0x0000000087700000|  0%| F|  |TAMS 0x0000000087600000| PB 0x0000000087600000| Untracked |  0
|  31|0x0000000087700000, 0x0000000087700000, 0x0000000087800000|  0%| F|  |TAMS 0x0000000087700000| PB 0x0000000087700000| Untracked |  0
|  32|0x0000000087800000, 0x0000000087800000, 0x0000000087900000|  0%| F|  |TAMS 0x0000000087800000| PB 0x0000000087800000| Untracked |  0
|  33|0x0000000087900000, 0x0000000087900000, 0x0000000087a00000|  0%| F|  |TAMS 0x0000000087900000| PB 0x0000000087900000| Untracked |  0
|  34|0x0000000087a00000, 0x0000000087a00000, 0x0000000087b00000|  0%| F|  |TAMS 0x0000000087a00000| PB 0x0000000087a00000| Untracked |  0
|  35|0x0000000087b00000, 0x0000000087b00000, 0x0000000087c00000|  0%| F|  |TAMS 0x0000000087b00000| PB 0x0000000087b00000| Untracked |  0
|  36|0x0000000087c00000, 0x0000000087c00000, 0x0000000087d00000|  0%| F|  |TAMS 0x0000000087c00000| PB 0x0000000087c00000| Untracked |  0
|  37|0x0000000087d00000, 0x0000000087d00000, 0x0000000087e00000|  0%| F|  |TAMS 0x0000000087d00000| PB 0x0000000087d00000| Untracked |  0
|  38|0x0000000087e00000, 0x0000000087e00000, 0x0000000087f00000|  0%| F|  |TAMS 0x0000000087e00000| PB 0x0000000087e00000| Untracked |  0
|  39|0x0000000087f00000, 0x0000000087f00000, 0x0000000088000000|  0%| F|  |TAMS 0x0000000087f00000| PB 0x0000000087f00000| Untracked |  0
|  40|0x0000000088000000, 0x0000000088000000, 0x0000000088100000|  0%| F|  |TAMS 0x0000000088000000| PB 0x0000000088000000| Untracked |  0
|  41|0x0000000088100000, 0x0000000088100000, 0x0000000088200000|  0%| F|  |TAMS 0x0000000088100000| PB 0x0000000088100000| Untracked |  0
|  42|0x0000000088200000, 0x0000000088200000, 0x0000000088300000|  0%| F|  |TAMS 0x0000000088200000| PB 0x0000000088200000| Untracked |  0
|  43|0x0000000088300000, 0x0000000088300000, 0x0000000088400000|  0%| F|  |TAMS 0x0000000088300000| PB 0x0000000088300000| Untracked |  0
|  44|0x0000000088400000, 0x0000000088400000, 0x0000000088500000|  0%| F|  |TAMS 0x0000000088400000| PB 0x0000000088400000| Untracked |  0
|  45|0x0000000088500000, 0x0000000088500000, 0x0000000088600000|  0%| F|  |TAMS 0x0000000088500000| PB 0x0000000088500000| Untracked |  0
|  46|0x0000000088600000, 0x0000000088600000, 0x0000000088700000|  0%| F|  |TAMS 0x0000000088600000| PB 0x0000000088600000| Untracked |  0
|  47|0x0000000088700000, 0x0000000088700000, 0x0000000088800000|  0%| F|  |TAMS 0x0000000088700000| PB 0x0000000088700000| Untracked |  0
|  48|0x0000000088800000, 0x0000000088800000, 0x0000000088900000|  0%| F|  |TAMS 0x0000000088800000| PB 0x0000000088800000| Untracked |  0
|  49|0x0000000088900000, 0x0000000088900000, 0x0000000088a00000|  0%| F|  |TAMS 0x0000000088900000| PB 0x0000000088900000| Untracked |  0
|  50|0x0000000088a00000, 0x0000000088a00000, 0x0000000088b00000|  0%| F|  |TAMS 0x0000000088a00000| PB 0x0000000088a00000| Untracked |  0
|  51|0x0000000088b00000, 0x0000000088b00000, 0x0000000088c00000|  0%| F|  |TAMS 0x0000000088b00000| PB 0x0000000088b00000| Untracked |  0
|  52|0x0000000088c00000, 0x0000000088c00000, 0x0000000088d00000|  0%| F|  |TAMS 0x0000000088c00000| PB 0x0000000088c00000| Untracked |  0
|  53|0x0000000088d00000, 0x0000000088d00000, 0x0000000088e00000|  0%| F|  |TAMS 0x0000000088d00000| PB 0x0000000088d00000| Untracked |  0
|  54|0x0000000088e00000, 0x0000000088e00000, 0x0000000088f00000|  0%| F|  |TAMS 0x0000000088e00000| PB 0x0000000088e00000| Untracked |  0
|  55|0x0000000088f00000, 0x0000000088f00000, 0x0000000089000000|  0%| F|  |TAMS 0x0000000088f00000| PB 0x0000000088f00000| Untracked |  0
|  56|0x0000000089000000, 0x0000000089000000, 0x0000000089100000|  0%| F|  |TAMS 0x0000000089000000| PB 0x0000000089000000| Untracked |  0
|  57|0x0000000089100000, 0x0000000089100000, 0x0000000089200000|  0%| F|  |TAMS 0x0000000089100000| PB 0x0000000089100000| Untracked |  0
|  58|0x0000000089200000, 0x0000000089200000, 0x0000000089300000|  0%| F|  |TAMS 0x0000000089200000| PB 0x0000000089200000| Untracked |  0
|  59|0x0000000089300000, 0x0000000089300000, 0x0000000089400000|  0%| F|  |TAMS 0x0000000089300000| PB 0x0000000089300000| Untracked |  0
|  60|0x0000000089400000, 0x0000000089400000, 0x0000000089500000|  0%| F|  |TAMS 0x0000000089400000| PB 0x0000000089400000| Untracked |  0
|  61|0x0000000089500000, 0x0000000089500000, 0x0000000089600000|  0%| F|  |TAMS 0x0000000089500000| PB 0x0000000089500000| Untracked |  0
|  62|0x0000000089600000, 0x0000000089600000, 0x0000000089700000|  0%| F|  |TAMS 0x0000000089600000| PB 0x0000000089600000| Untracked |  0
|  63|0x0000000089700000, 0x0000000089700000, 0x0000000089800000|  0%| F|  |TAMS 0x0000000089700000| PB 0x0000000089700000| Untracked |  0
|  64|0x0000000089800000, 0x0000000089800000, 0x0000000089900000|  0%| F|  |TAMS 0x0000000089800000| PB 0x0000000089800000| Untracked |  0
|  65|0x0000000089900000, 0x0000000089900000, 0x0000000089a00000|  0%| F|  |TAMS 0x0000000089900000| PB 0x0000000089900000| Untracked |  0
|  66|0x0000000089a00000, 0x0000000089a00000, 0x0000000089b00000|  0%| F|  |TAMS 0x0000000089a00000| PB 0x0000000089a00000| Untracked |  0
|  67|0x0000000089b00000, 0x0000000089b00000, 0x0000000089c00000|  0%| F|  |TAMS 0x0000000089b00000| PB 0x0000000089b00000| Untracked |  0
|  68|0x0000000089c00000, 0x0000000089c00000, 0x0000000089d00000|  0%| F|  |TAMS 0x0000000089c00000| PB 0x0000000089c00000| Untracked |  0
|  69|0x0000000089d00000, 0x0000000089d00000, 0x0000000089e00000|  0%| F|  |TAMS 0x0000000089d00000| PB 0x0000000089d00000| Untracked |  0
|  70|0x0000000089e00000, 0x0000000089e00000, 0x0000000089f00000|  0%| F|  |TAMS 0x0000000089e00000| PB 0x0000000089e00000| Untracked |  0
|  71|0x0000000089f00000, 0x0000000089f00000, 0x000000008a000000|  0%| F|  |TAMS 0x0000000089f00000| PB 0x0000000089f00000| Untracked |  0
|  72|0x000000008a000000, 0x000000008a000000, 0x000000008a100000|  0%| F|  |TAMS 0x000000008a000000| PB 0x000000008a000000| Untracked |  0
|  73|0x000000008a100000, 0x000000008a100000, 0x000000008a200000|  0%| F|  |TAMS 0x000000008a100000| PB 0x000000008a100000| Untracked |  0
|  74|0x000000008a200000, 0x000000008a200000, 0x000000008a300000|  0%| F|  |TAMS 0x000000008a200000| PB 0x000000008a200000| Untracked |  0
|  75|0x000000008a300000, 0x000000008a300000, 0x000000008a400000|  0%| F|  |TAMS 0x000000008a300000| PB 0x000000008a300000| Untracked |  0
|  76|0x000000008a400000, 0x000000008a400000, 0x000000008a500000|  0%| F|  |TAMS 0x000000008a400000| PB 0x000000008a400000| Untracked |  0
|  77|0x000000008a500000, 0x000000008a500000, 0x000000008a600000|  0%| F|  |TAMS 0x000000008a500000| PB 0x000000008a500000| Untracked |  0
|  78|0x000000008a600000, 0x000000008a600000, 0x000000008a700000|  0%| F|  |TAMS 0x000000008a600000| PB 0x000000008a600000| Untracked |  0
|  79|0x000000008a700000, 0x000000008a700000, 0x000000008a800000|  0%| F|  |TAMS 0x000000008a700000| PB 0x000000008a700000| Untracked |  0
|  80|0x000000008a800000, 0x000000008a800000, 0x000000008a900000|  0%| F|  |TAMS 0x000000008a800000| PB 0x000000008a800000| Untracked |  0
|  81|0x000000008a900000, 0x000000008a900000, 0x000000008aa00000|  0%| F|  |TAMS 0x000000008a900000| PB 0x000000008a900000| Untracked |  0
|  82|0x000000008aa00000, 0x000000008aa00000, 0x000000008ab00000|  0%| F|  |TAMS 0x000000008aa00000| PB 0x000000008aa00000| Untracked |  0
|  83|0x000000008ab00000, 0x000000008ab00000, 0x000000008ac00000|  0%| F|  |TAMS 0x000000008ab00000| PB 0x000000008ab00000| Untracked |  0
|  84|0x000000008ac00000, 0x000000008ac00000, 0x000000008ad00000|  0%| F|  |TAMS 0x000000008ac00000| PB 0x000000008ac00000| Untracked |  0
|  85|0x000000008ad00000, 0x000000008ad00000, 0x000000008ae00000|  0%| F|  |TAMS 0x000000008ad00000| PB 0x000000008ad00000| Untracked |  0
|  86|0x000000008ae00000, 0x000000008ae00000, 0x000000008af00000|  0%| F|  |TAMS 0x000000008ae00000| PB 0x000000008ae00000| Untracked |  0
|  87|0x000000008af00000, 0x000000008af00000, 0x000000008b000000|  0%| F|  |TAMS 0x000000008af00000| PB 0x000000008af00000| Untracked |  0
|  88|0x000000008b000000, 0x000000008b000000, 0x000000008b100000|  0%| F|  |TAMS 0x000000008b000000| PB 0x000000008b000000| Untracked |  0
|  89|0x000000008b100000, 0x000000008b100000, 0x000000008b200000|  0%| F|  |TAMS 0x000000008b100000| PB 0x000000008b100000| Untracked |  0
|  90|0x000000008b200000, 0x000000008b200000, 0x000000008b300000|  0%| F|  |TAMS 0x000000008b200000| PB 0x000000008b200000| Untracked |  0
|  91|0x000000008b300000, 0x000000008b300000, 0x000000008b400000|  0%| F|  |TAMS 0x000000008b300000| PB 0x000000008b300000| Untracked |  0
|  92|0x000000008b400000, 0x000000008b400000, 0x000000008b500000|  0%| F|  |TAMS 0x000000008b400000| PB 0x000000008b400000| Untracked |  0
|  93|0x000000008b500000, 0x000000008b500000, 0x000000008b600000|  0%| F|  |TAMS 0x000000008b500000| PB 0x000000008b500000| Untracked |  0
|  94|0x000000008b600000, 0x000000008b600000, 0x000000008b700000|  0%| F|  |TAMS 0x000000008b600000| PB 0x000000008b600000| Untracked |  0
|  95|0x000000008b700000, 0x000000008b700000, 0x000000008b800000|  0%| F|  |TAMS 0x000000008b700000| PB 0x000000008b700000| Untracked |  0
|  96|0x000000008b800000, 0x000000008b800000, 0x000000008b900000|  0%| F|  |TAMS 0x000000008b800000| PB 0x000000008b800000| Untracked |  0
|  97|0x000000008b900000, 0x000000008b900000, 0x000000008ba00000|  0%| F|  |TAMS 0x000000008b900000| PB 0x000000008b900000| Untracked |  0
|  98|0x000000008ba00000, 0x000000008ba00000, 0x000000008bb00000|  0%| F|  |TAMS 0x000000008ba00000| PB 0x000000008ba00000| Untracked |  0
|  99|0x000000008bb00000, 0x000000008bb00000, 0x000000008bc00000|  0%| F|  |TAMS 0x000000008bb00000| PB 0x000000008bb00000| Untracked |  0
| 100|0x000000008bc00000, 0x000000008bc00000, 0x000000008bd00000|  0%| F|  |TAMS 0x000000008bc00000| PB 0x000000008bc00000| Untracked |  0
| 101|0x000000008bd00000, 0x000000008bd00000, 0x000000008be00000|  0%| F|  |TAMS 0x000000008bd00000| PB 0x000000008bd00000| Untracked |  0
| 102|0x000000008be00000, 0x000000008be00000, 0x000000008bf00000|  0%| F|  |TAMS 0x000000008be00000| PB 0x000000008be00000| Untracked |  0
| 103|0x000000008bf00000, 0x000000008bf00000, 0x000000008c000000|  0%| F|  |TAMS 0x000000008bf00000| PB 0x000000008bf00000| Untracked |  0
| 104|0x000000008c000000, 0x000000008c000000, 0x000000008c100000|  0%| F|  |TAMS 0x000000008c000000| PB 0x000000008c000000| Untracked |  0
| 105|0x000000008c100000, 0x000000008c100000, 0x000000008c200000|  0%| F|  |TAMS 0x000000008c100000| PB 0x000000008c100000| Untracked |  0
| 106|0x000000008c200000, 0x000000008c200000, 0x000000008c300000|  0%| F|  |TAMS 0x000000008c200000| PB 0x000000008c200000| Untracked |  0
| 107|0x000000008c300000, 0x000000008c300000, 0x000000008c400000|  0%| F|  |TAMS 0x000000008c300000| PB 0x000000008c300000| Untracked |  0
| 108|0x000000008c400000, 0x000000008c400000, 0x000000008c500000|  0%| F|  |TAMS 0x000000008c400000| PB 0x000000008c400000| Untracked |  0
| 109|0x000000008c500000, 0x000000008c500000, 0x000000008c600000|  0%| F|  |TAMS 0x000000008c500000| PB 0x000000008c500000| Untracked |  0
| 110|0x000000008c600000, 0x000000008c600000, 0x000000008c700000|  0%| F|  |TAMS 0x000000008c600000| PB 0x000000008c600000| Untracked |  0
| 111|0x000000008c700000, 0x000000008c700000, 0x000000008c800000|  0%| F|  |TAMS 0x000000008c700000| PB 0x000000008c700000| Untracked |  0
| 112|0x000000008c800000, 0x000000008c880000, 0x000000008c900000| 50%| E|  |TAMS 0x000000008c800000| PB 0x000000008c800000| Complete |  0
| 113|0x000000008c900000, 0x000000008ca00000, 0x000000008ca00000|100%| E|CS|TAMS 0x000000008c900000| PB 0x000000008c900000| Complete |  0
| 114|0x000000008ca00000, 0x000000008cb00000, 0x000000008cb00000|100%| E|CS|TAMS 0x000000008ca00000| PB 0x000000008ca00000| Complete |  0
| 115|0x000000008cb00000, 0x000000008cc00000, 0x000000008cc00000|100%| E|CS|TAMS 0x000000008cb00000| PB 0x000000008cb00000| Complete |  0
| 116|0x000000008cc00000, 0x000000008cd00000, 0x000000008cd00000|100%| E|CS|TAMS 0x000000008cc00000| PB 0x000000008cc00000| Complete |  0
| 117|0x000000008cd00000, 0x000000008ce00000, 0x000000008ce00000|100%| E|CS|TAMS 0x000000008cd00000| PB 0x000000008cd00000| Complete |  0
| 118|0x000000008ce00000, 0x000000008cf00000, 0x000000008cf00000|100%| E|CS|TAMS 0x000000008ce00000| PB 0x000000008ce00000| Complete |  0
| 119|0x000000008cf00000, 0x000000008d000000, 0x000000008d000000|100%| E|CS|TAMS 0x000000008cf00000| PB 0x000000008cf00000| Complete |  0
| 120|0x000000008d000000, 0x000000008d100000, 0x000000008d100000|100%| E|CS|TAMS 0x000000008d000000| PB 0x000000008d000000| Complete |  0
| 121|0x000000008d100000, 0x000000008d200000, 0x000000008d200000|100%| E|CS|TAMS 0x000000008d100000| PB 0x000000008d100000| Complete |  0
| 122|0x000000008d200000, 0x000000008d300000, 0x000000008d300000|100%| E|CS|TAMS 0x000000008d200000| PB 0x000000008d200000| Complete |  0
| 123|0x000000008d300000, 0x000000008d400000, 0x000000008d400000|100%| E|CS|TAMS 0x000000008d300000| PB 0x000000008d300000| Complete |  0
|1958|0x00000000ffe00000, 0x00000000fff00000, 0x00000000fff00000|100%| O|  |TAMS 0x00000000ffe00000| PB 0x00000000ffe00000| Untracked |  0
|1959|0x00000000fff00000, 0x00000000fff1d3c0, 0x0000000100000000| 11%| O|  |TAMS 0x00000000fff00000| PB 0x00000000fff00000| Untracked |  0

Card table byte_map: [0x00000224c1f50000,0x00000224c2330000] _byte_map_base: 0x00000224c1b24000

Marking Bits: (CMBitMap*) 0x00000224aa3201b0
 Bits: [0x00000224c2330000, 0x00000224c41d0000)

Polling page: 0x00000224a9aa0000

Metaspace:

Usage:
  Non-class:      2.74 MB used.
      Class:    226.48 KB used.
       Both:      2.96 MB used.

Virtual space:
  Non-class space:       64.00 MB reserved,       2.81 MB (  4%) committed,  1 nodes.
      Class space:        1.00 GB reserved,     320.00 KB ( <1%) committed,  1 nodes.
             Both:        1.06 GB reserved,       3.12 MB ( <1%) committed. 

Chunk freelists:
   Non-Class:  10.69 MB
       Class:  15.61 MB
        Both:  26.30 MB

MaxMetaspaceSize: unlimited
CompressedClassSpaceSize: 1.00 GB
Initial GC threshold: 21.00 MB
Current GC threshold: 21.00 MB
CDS: on
 - commit_granule_bytes: 65536.
 - commit_granule_words: 8192.
 - virtual_space_node_default_size: 8388608.
 - enlarge_chunks_in_place: 1.
UseCompressedClassPointers 1, UseCompactObjectHeaders 0
Narrow klass pointer bits 32, Max shift 3
Narrow klass base: 0x00000224c7000000, Narrow klass shift: 0
Encoding Range: [0x00000224c7000000 - 0x00000225c7000000), (4294967296 bytes)
Klass Range:    [0x00000224c7000000 - 0x0000022508000000), (1090519040 bytes)
Klass ID Range:  [8 - 1090519033) (1090519025)


Internal statistics:

num_allocs_failed_limit: 0.
num_arena_births: 40.
num_arena_deaths: 0.
num_vsnodes_births: 2.
num_vsnodes_deaths: 0.
num_space_committed: 50.
num_space_uncommitted: 0.
num_chunks_returned_to_freelist: 0.
num_chunks_taken_from_freelist: 106.
num_chunk_merges: 0.
num_chunk_splits: 78.
num_chunks_enlarged: 57.
num_inconsistent_stats: 0.

CodeHeap 'non-profiled nmethods': size=120064Kb used=200Kb max_used=200Kb free=119863Kb
 bounds [0x00000224ba630000, 0x00000224ba8a0000, 0x00000224c1b70000]
CodeHeap 'profiled nmethods': size=120000Kb used=767Kb max_used=767Kb free=119232Kb
 bounds [0x00000224b2b70000, 0x00000224b2de0000, 0x00000224ba0a0000]
CodeHeap 'non-nmethods': size=5696Kb used=1415Kb max_used=1428Kb free=4280Kb
 bounds [0x00000224ba0a0000, 0x00000224ba310000, 0x00000224ba630000]
CodeCache: size=245760Kb, used=2382Kb, max_used=2395Kb, free=243375Kb
 total_blobs=1125, nmethods=655, adapters=375, full_count=0
Compilation: enabled, stopped_count=0, restarted_count=0

Compilation events (20 events):
Event: 0.297 Thread 0x00000224c681b920  523       1       jdk.internal.loader.BuiltinClassLoader$LoadedModule::loader (5 bytes)
Event: 0.297 Thread 0x00000224c681b920 nmethod 523 0x00000224ba658b88 code [0x00000224ba658c80, 0x00000224ba658d48]
Event: 0.297 Thread 0x00000224c681b920  524       1       java.net.URL::getPort (5 bytes)
Event: 0.297 Thread 0x00000224c681b920 nmethod 524 0x00000224ba658e88 code [0x00000224ba658f80, 0x00000224ba659048]
Event: 0.298 Thread 0x00000224c681b920  525       1       java.io.File::getPath (5 bytes)
Event: 0.298 Thread 0x00000224c681b920 nmethod 525 0x00000224ba659188 code [0x00000224ba659280, 0x00000224ba659348]
Event: 0.299 Thread 0x00000224c681b920  526       1       java.security.CodeSource::getLocation (5 bytes)
Event: 0.299 Thread 0x00000224c6afa890 nmethod 516 0x00000224ba659488 code [0x00000224ba659580, 0x00000224ba659a30]
Event: 0.299 Thread 0x00000224c681b920 nmethod 526 0x00000224ba659a88 code [0x00000224ba659b80, 0x00000224ba659c48]
Event: 0.299 Thread 0x00000224c681b920  527       1       java.net.URL::getAuthority (5 bytes)
Event: 0.299 Thread 0x00000224c681b920 nmethod 527 0x00000224ba659d88 code [0x00000224ba659e80, 0x00000224ba659f48]
Event: 0.299 Thread 0x00000224c681b920  528       1       java.net.URL::getPath (5 bytes)
Event: 0.299 Thread 0x00000224c681b920 nmethod 528 0x00000224ba65a088 code [0x00000224ba65a180, 0x00000224ba65a248]
Event: 0.299 Thread 0x00000224c681b920  529       1       java.net.URL::getQuery (5 bytes)
Event: 0.299 Thread 0x00000224c681b920 nmethod 529 0x00000224ba65a388 code [0x00000224ba65a480, 0x00000224ba65a548]
Event: 0.300 Thread 0x00000224c6afa890  530       4       java.lang.StringLatin1::lastIndexOf (40 bytes)
Event: 0.300 Thread 0x00000224c681b920  531       3       java.lang.AbstractStringBuilder::newCapacity (59 bytes)
Event: 0.300 Thread 0x00000224c681b920 nmethod 531 0x00000224b2c04708 code [0x00000224b2c04860, 0x00000224b2c04c28]
Event: 0.300 Thread 0x00000224c681b920  532       3       java.lang.StringBuilder::toString (20 bytes)
Event: 0.301 Thread 0x00000224c681b920 nmethod 532 0x00000224b2c04c88 code [0x00000224b2c04dc0, 0x00000224b2c050c0]

GC Heap History (0 events):
No events

Dll operation events (9 events):
Event: 0.019 Loaded shared library C:\Program Files\Java\jdk-24\bin\java.dll
Event: 0.056 Loaded shared library C:\Program Files\Java\jdk-24\bin\jsvml.dll
Event: 0.114 Loaded shared library C:\Program Files\Java\jdk-24\bin\zip.dll
Event: 0.117 Loaded shared library C:\Program Files\Java\jdk-24\bin\instrument.dll
Event: 0.121 Loaded shared library C:\Program Files\Java\jdk-24\bin\net.dll
Event: 0.123 Loaded shared library C:\Program Files\Java\jdk-24\bin\nio.dll
Event: 0.131 Loaded shared library C:\Program Files\Java\jdk-24\bin\zip.dll
Event: 0.147 Loaded shared library C:\Program Files\Java\jdk-24\bin\jimage.dll
Event: 0.153 Loaded shared library C:\Program Files\Java\jdk-24\bin\extnet.dll

Deoptimization events (20 events):
Event: 0.104 Thread 0x00000224aa2ca2b0 DEOPT PACKING pc=0x00000224ba63cb74 sp=0x00000047236fe850
Event: 0.104 Thread 0x00000224aa2ca2b0 DEOPT UNPACKING pc=0x00000224ba1bf802 sp=0x00000047236fe7d0 mode 2
Event: 0.191 Thread 0x00000224aa2ca2b0 Uncommon trap: trap_request=0xffffffde fr.pc=0x00000224ba64c0d4 relative=0x00000000000002f4
Event: 0.191 Thread 0x00000224aa2ca2b0 Uncommon trap: reason=class_check action=maybe_recompile pc=0x00000224ba64c0d4 method=java.util.regex.Pattern$BmpCharPropertyGreedy.match(Ljava/util/regex/Matcher;ILjava/lang/CharSequence;)Z @ 26 c2
Event: 0.191 Thread 0x00000224aa2ca2b0 DEOPT PACKING pc=0x00000224ba64c0d4 sp=0x00000047236ff220
Event: 0.191 Thread 0x00000224aa2ca2b0 DEOPT UNPACKING pc=0x00000224ba1bf802 sp=0x00000047236ff1d8 mode 2
Event: 0.204 Thread 0x00000224aa2ca2b0 Uncommon trap: trap_request=0xffffffde fr.pc=0x00000224ba64c0d4 relative=0x00000000000002f4
Event: 0.204 Thread 0x00000224aa2ca2b0 Uncommon trap: reason=class_check action=maybe_recompile pc=0x00000224ba64c0d4 method=java.util.regex.Pattern$BmpCharPropertyGreedy.match(Ljava/util/regex/Matcher;ILjava/lang/CharSequence;)Z @ 26 c2
Event: 0.204 Thread 0x00000224aa2ca2b0 DEOPT PACKING pc=0x00000224ba64c0d4 sp=0x00000047236ff130
Event: 0.204 Thread 0x00000224aa2ca2b0 DEOPT UNPACKING pc=0x00000224ba1bf802 sp=0x00000047236ff0e8 mode 2
Event: 0.204 Thread 0x00000224aa2ca2b0 Uncommon trap: trap_request=0xffffffde fr.pc=0x00000224ba64c0d4 relative=0x00000000000002f4
Event: 0.204 Thread 0x00000224aa2ca2b0 Uncommon trap: reason=class_check action=maybe_recompile pc=0x00000224ba64c0d4 method=java.util.regex.Pattern$BmpCharPropertyGreedy.match(Ljava/util/regex/Matcher;ILjava/lang/CharSequence;)Z @ 26 c2
Event: 0.204 Thread 0x00000224aa2ca2b0 DEOPT PACKING pc=0x00000224ba64c0d4 sp=0x00000047236ff120
Event: 0.204 Thread 0x00000224aa2ca2b0 DEOPT UNPACKING pc=0x00000224ba1bf802 sp=0x00000047236ff0d8 mode 2
Event: 0.204 Thread 0x00000224aa2ca2b0 Uncommon trap: trap_request=0xffffffde fr.pc=0x00000224ba64c0d4 relative=0x00000000000002f4
Event: 0.204 Thread 0x00000224aa2ca2b0 Uncommon trap: reason=class_check action=maybe_recompile pc=0x00000224ba64c0d4 method=java.util.regex.Pattern$BmpCharPropertyGreedy.match(Ljava/util/regex/Matcher;ILjava/lang/CharSequence;)Z @ 26 c2
Event: 0.204 Thread 0x00000224aa2ca2b0 DEOPT PACKING pc=0x00000224ba64c0d4 sp=0x00000047236ff000
Event: 0.205 Thread 0x00000224aa2ca2b0 DEOPT UNPACKING pc=0x00000224ba1bf802 sp=0x00000047236fefb8 mode 2
Event: 0.291 Thread 0x00000224aa2ca2b0 DEOPT PACKING pc=0x00000224b2be4d19 sp=0x00000047236f9240
Event: 0.291 Thread 0x00000224aa2ca2b0 DEOPT UNPACKING pc=0x00000224ba0f6642 sp=0x00000047236f86e0 mode 0

Classes loaded (20 events):
Event: 0.229 Loading class java/math/BigDecimal
Event: 0.230 Loading class java/math/BigDecimal done
Event: 0.231 Loading class java/math/BigInteger$RecursiveOp
Event: 0.231 Loading class java/util/concurrent/RecursiveTask
Event: 0.231 Loading class java/util/concurrent/RecursiveTask done
Event: 0.231 Loading class java/math/BigInteger$RecursiveOp done
Event: 0.232 Loading class java/math/BigInteger$RecursiveOp$RecursiveSquare
Event: 0.232 Loading class java/math/BigInteger$RecursiveOp$RecursiveSquare done
Event: 0.254 Loading class java/math/MathContext
Event: 0.255 Loading class java/math/MathContext done
Event: 0.274 Loading class java/util/Collections$UnmodifiableMap$UnmodifiableEntrySet
Event: 0.274 Loading class java/util/Collections$UnmodifiableMap$UnmodifiableEntrySet done
Event: 0.274 Loading class java/util/Collections$UnmodifiableMap$UnmodifiableEntrySet$UnmodifiableEntrySetSpliterator
Event: 0.274 Loading class java/util/Collections$UnmodifiableMap$UnmodifiableEntrySet$UnmodifiableEntrySetSpliterator done
Event: 0.274 Loading class java/util/HashMap$EntrySpliterator
Event: 0.274 Loading class java/util/HashMap$EntrySpliterator done
Event: 0.275 Loading class java/lang/invoke/DirectMethodHandle$Special
Event: 0.275 Loading class java/lang/invoke/DirectMethodHandle$Special done
Event: 0.282 Loading class java/lang/NoSuchFieldError
Event: 0.282 Loading class java/lang/NoSuchFieldError done

Classes unloaded (0 events):
No events

Classes redefined (0 events):
No events

Internal exceptions (8 events):
Event: 0.135 Thread 0x00000224aa2ca2b0 Exception <a 'java/lang/NoSuchMethodError'{0x000000008d1dede8}: 'void java.lang.invoke.DirectMethodHandle$Holder.invokeStatic(java.lang.Object, java.lang.Object, java.lang.Object)'> (0x000000008d1dede8) 
thrown [s\open\src\hotspot\share\interpreter\linkResolver.cpp, line 805]
Event: 0.142 Thread 0x00000224aa2ca2b0 Exception <a 'java/lang/NoSuchMethodError'{0x000000008d013c10}: 'java.lang.Object java.lang.invoke.Invokers$Holder.invokeExact_MT(java.lang.Object, java.lang.Object, java.lang.Object, java.lang.Object, java.lang.Object)'> (0x000000008d013c10) 
thrown [s\open\src\hotspot\share\interpreter\linkResolver.cpp, line 805]
Event: 0.145 Thread 0x00000224aa2ca2b0 Exception <a 'java/io/FileNotFoundException'{0x000000008d0243e8}> (0x000000008d0243e8) 
thrown [s\open\src\hotspot\share\prims\jni.cpp, line 518]
Event: 0.152 Thread 0x00000224c6abb940 Exception <a 'java/lang/NoSuchMethodError'{0x000000008d085220}: 'java.lang.Object java.lang.invoke.DirectMethodHandle$Holder.invokeStaticInit(java.lang.Object)'> (0x000000008d085220) 
thrown [s\open\src\hotspot\share\interpreter\linkResolver.cpp, line 805]
Event: 0.155 Thread 0x00000224c6abb940 Exception <a 'java/lang/NoSuchMethodError'{0x000000008d08fe28}: 'void java.lang.invoke.DirectMethodHandle$Holder.invokeStatic(java.lang.Object, java.lang.Object)'> (0x000000008d08fe28) 
thrown [s\open\src\hotspot\share\interpreter\linkResolver.cpp, line 805]
Event: 0.213 Thread 0x00000224aa2ca2b0 Exception <a 'java/lang/NoSuchMethodError'{0x000000008ceac6e0}: 'java.lang.Object java.lang.invoke.DirectMethodHandle$Holder.invokeInterface(java.lang.Object, java.lang.Object)'> (0x000000008ceac6e0) 
thrown [s\open\src\hotspot\share\interpreter\linkResolver.cpp, line 805]
Event: 0.274 Thread 0x00000224aa2ca2b0 Exception <a 'java/lang/NoSuchMethodError'{0x000000008cb65868}: 'void java.lang.invoke.DirectMethodHandle$Holder.invokeSpecial(java.lang.Object, java.lang.Object, java.lang.Object)'> (0x000000008cb65868) 
thrown [s\open\src\hotspot\share\interpreter\linkResolver.cpp, line 805]
Event: 0.278 Thread 0x00000224aa2ca2b0 Exception <a 'java/lang/NoSuchMethodError'{0x000000008cb86ad8}: 'java.lang.Object java.lang.invoke.DirectMethodHandle$Holder.invokeVirtual(java.lang.Object, java.lang.Object, java.lang.Object)'> (0x000000008cb86ad8) 
thrown [s\open\src\hotspot\share\interpreter\linkResolver.cpp, line 805]

VM Operations (4 events):
Event: 0.087 Executing VM operation: HandshakeAllThreads (Deoptimize)
Event: 0.087 Executing VM operation: HandshakeAllThreads (Deoptimize) done
Event: 0.188 Executing VM operation: HandshakeAllThreads (Deoptimize)
Event: 0.188 Executing VM operation: HandshakeAllThreads (Deoptimize) done

Memory protections (0 events):
No events

Nmethod flushes (0 events):
No events

Events (14 events):
Event: 0.037 Thread 0x00000224aa2ca2b0 Thread added: 0x00000224aa2ca2b0
Event: 0.052 Thread 0x00000224aa2ca2b0 Thread added: 0x00000224c67e4fd0
Event: 0.052 Thread 0x00000224aa2ca2b0 Thread added: 0x00000224c67e6e00
Event: 0.053 Thread 0x00000224aa2ca2b0 Thread added: 0x00000224c67ec190
Event: 0.053 Thread 0x00000224aa2ca2b0 Thread added: 0x00000224c67eccc0
Event: 0.053 Thread 0x00000224aa2ca2b0 Thread added: 0x00000224c67ef370
Event: 0.053 Thread 0x00000224aa2ca2b0 Thread added: 0x00000224c67f11b0
Event: 0.053 Thread 0x00000224aa2ca2b0 Thread added: 0x00000224c67fe730
Event: 0.053 Thread 0x00000224aa2ca2b0 Thread added: 0x00000224c681b920
Event: 0.082 Thread 0x00000224aa2ca2b0 Thread added: 0x00000224c68b0860
Event: 0.144 Thread 0x00000224aa2ca2b0 Thread added: 0x00000224c6abb940
Event: 0.144 Thread 0x00000224aa2ca2b0 Thread added: 0x00000224c6abc080
Event: 0.178 Thread 0x00000224aa2ca2b0 Thread added: 0x00000224c6afc480
Event: 0.271 Thread 0x00000224c681b920 Thread added: 0x00000224c6afa890


Dynamic libraries:
0x00007ff736f70000 - 0x00007ff736f80000 	C:\Program Files\Java\jdk-24\bin\java.exe
0x00007ff877640000 - 0x00007ff8778a8000 	C:\WINDOWS\SYSTEM32\ntdll.dll
0x00007ff875c20000 - 0x00007ff875ce9000 	C:\WINDOWS\System32\KERNEL32.DLL
0x00007ff874e10000 - 0x00007ff8751fd000 	C:\WINDOWS\System32\KERNELBASE.dll
0x00007ff874790000 - 0x00007ff8748db000 	C:\WINDOWS\System32\ucrtbase.dll
0x00007ff871120000 - 0x00007ff871136000 	C:\Program Files\Java\jdk-24\bin\jli.dll
0x00007ff871100000 - 0x00007ff87111b000 	C:\Program Files\Java\jdk-24\bin\VCRUNTIME140.dll
0x00007ff8756e0000 - 0x00007ff8758ac000 	C:\WINDOWS\System32\USER32.dll
0x00007ff859a70000 - 0x00007ff859d0a000 	C:\WINDOWS\WinSxS\amd64_microsoft.windows.common-controls_6595b64144ccf1df_6.0.26100.4484_none_3e0e6d4ce32ef3b3\COMCTL32.dll
0x00007ff874c70000 - 0x00007ff874c97000 	C:\WINDOWS\System32\win32u.dll
0x00007ff8759a0000 - 0x00007ff875a49000 	C:\WINDOWS\System32\msvcrt.dll
0x00007ff8758b0000 - 0x00007ff8758db000 	C:\WINDOWS\System32\GDI32.dll
0x00007ff8752a0000 - 0x00007ff8753d7000 	C:\WINDOWS\System32\gdi32full.dll
0x00007ff874ca0000 - 0x00007ff874d43000 	C:\WINDOWS\System32\msvcp_win.dll
0x00007ff876ce0000 - 0x00007ff876d0f000 	C:\WINDOWS\System32\IMM32.DLL
0x00007ff8710f0000 - 0x00007ff8710fc000 	C:\Program Files\Java\jdk-24\bin\vcruntime140_1.dll
0x00007ff8606b0000 - 0x00007ff86073e000 	C:\Program Files\Java\jdk-24\bin\msvcp140.dll
0x00007fffe7f80000 - 0x00007fffe8d22000 	C:\Program Files\Java\jdk-24\bin\server\jvm.dll
0x00007ff876e30000 - 0x00007ff876ee4000 	C:\WINDOWS\System32\ADVAPI32.dll
0x00007ff8758f0000 - 0x00007ff875996000 	C:\WINDOWS\System32\sechost.dll
0x00007ff8753e0000 - 0x00007ff8754f8000 	C:\WINDOWS\System32\RPCRT4.dll
0x00007ff876ef0000 - 0x00007ff876f64000 	C:\WINDOWS\System32\WS2_32.dll
0x00007ff8745e0000 - 0x00007ff87463e000 	C:\WINDOWS\SYSTEM32\POWRPROF.dll
0x00007ff86a100000 - 0x00007ff86a135000 	C:\WINDOWS\SYSTEM32\WINMM.dll
0x00007ff860aa0000 - 0x00007ff860aab000 	C:\WINDOWS\SYSTEM32\VERSION.dll
0x00007ff8745c0000 - 0x00007ff8745d4000 	C:\WINDOWS\SYSTEM32\UMPDC.dll
0x00007ff873540000 - 0x00007ff87355b000 	C:\WINDOWS\SYSTEM32\kernel.appcore.dll
0x00007ff8710e0000 - 0x00007ff8710ea000 	C:\Program Files\Java\jdk-24\bin\jimage.dll
0x00007ff871ea0000 - 0x00007ff8720e1000 	C:\WINDOWS\SYSTEM32\DBGHELP.DLL
0x00007ff8764a0000 - 0x00007ff876826000 	C:\WINDOWS\System32\combase.dll
0x00007ff875ad0000 - 0x00007ff875bb0000 	C:\WINDOWS\System32\OLEAUT32.dll
0x00007ff84ab90000 - 0x00007ff84abd3000 	C:\WINDOWS\SYSTEM32\dbgcore.DLL
0x00007ff875200000 - 0x00007ff875299000 	C:\WINDOWS\System32\bcryptPrimitives.dll
0x00007ff870a80000 - 0x00007ff870a8f000 	C:\Program Files\Java\jdk-24\bin\instrument.dll
0x00007ff870a60000 - 0x00007ff870a7e000 	C:\Program Files\Java\jdk-24\bin\java.dll
0x00007ff875530000 - 0x00007ff8756ce000 	C:\WINDOWS\System32\ole32.dll
0x00007ff875cf0000 - 0x00007ff87643a000 	C:\WINDOWS\System32\SHELL32.dll
0x00007ff8748e0000 - 0x00007ff874a54000 	C:\WINDOWS\System32\wintypes.dll
0x00007ff8723c0000 - 0x00007ff872c1b000 	C:\WINDOWS\SYSTEM32\windows.storage.dll
0x00007ff876d30000 - 0x00007ff876e25000 	C:\WINDOWS\System32\SHCORE.dll
0x00007ff877080000 - 0x00007ff8770ea000 	C:\WINDOWS\System32\shlwapi.dll
0x00007ff8746a0000 - 0x00007ff8746cf000 	C:\WINDOWS\SYSTEM32\profapi.dll
0x00007ff84d9f0000 - 0x00007ff84dac7000 	C:\Program Files\Java\jdk-24\bin\jsvml.dll
0x00007ff86c840000 - 0x00007ff86c857000 	C:\Program Files\Java\jdk-24\bin\zip.dll
0x00007ff86c830000 - 0x00007ff86c840000 	C:\Program Files\Java\jdk-24\bin\net.dll
0x00007ff873ac0000 - 0x00007ff873b2a000 	C:\WINDOWS\system32\mswsock.dll
0x00007ff86c810000 - 0x00007ff86c826000 	C:\Program Files\Java\jdk-24\bin\nio.dll
0x00007ff861070000 - 0x00007ff861079000 	C:\Program Files\Java\jdk-24\bin\extnet.dll

dbghelp: loaded successfully - version: 4.0.5 - missing functions: none
symbol engine: initialized successfully - sym options: 0x614 - pdb path: .;C:\Program Files\Java\jdk-24\bin;C:\WINDOWS\SYSTEM32;C:\WINDOWS\WinSxS\amd64_microsoft.windows.common-controls_6595b64144ccf1df_6.0.26100.4484_none_3e0e6d4ce32ef3b3;C:\Program Files\Java\jdk-24\bin\server

VM Arguments:
jvm_args: -javaagent:C:\Program Files\JetBrains\IntelliJ IDEA Community Edition 2024.3.5\lib\idea_rt.jar=50175 -Dfile.encoding=UTF-8 -Dsun.stdout.encoding=UTF-8 -Dsun.stderr.encoding=UTF-8 
java_command: Library
java_class_path (initial): G:\Extra_Class\Software_Development\Library_System\out\production\Library_System;G:\Extra_Class\Software_Development\Library_System\lib\mysql-connector-j-9.3.0.jar
Launcher Type: SUN_STANDARD

[Global flags]
     intx CICompilerCount                          = 3                                         {product} {ergonomic}
     uint ConcGCThreads                            = 1                                         {product} {ergonomic}
     uint G1ConcRefinementThreads                  = 4                                         {product} {ergonomic}
   size_t G1HeapRegionSize                         = 1048576                                   {product} {ergonomic}
   size_t InitialHeapSize                          = 130023424                                 {product} {ergonomic}
   size_t MarkStackSize                            = 4194304                                   {product} {ergonomic}
   size_t MarkStackSizeMax                         = 536870912                                 {product} {ergonomic}
   size_t MaxHeapSize                              = 2055208960                                {product} {ergonomic}
   size_t MaxNewSize                               = 1233125376                                {product} {ergonomic}
   size_t MinHeapDeltaBytes                        = 1048576                                   {product} {ergonomic}
   size_t MinHeapSize                              = 8388608                                   {product} {ergonomic}
    uintx NonNMethodCodeHeapSize                   = 5832704                                {pd product} {ergonomic}
    uintx NonProfiledCodeHeapSize                  = 122945536                              {pd product} {ergonomic}
    uintx ProfiledCodeHeapSize                     = 122880000                              {pd product} {ergonomic}
    uintx ReservedCodeCacheSize                    = 251658240                              {pd product} {ergonomic}
     bool SegmentedCodeCache                       = true                                      {product} {ergonomic}
   size_t SoftMaxHeapSize                          = 2055208960                             {manageable} {ergonomic}
     bool UseCompressedOops                        = true                           {product lp64_product} {ergonomic}
     bool UseG1GC                                  = true                                      {product} {ergonomic}
     bool UseLargePagesIndividualAllocation        = false                                  {pd product} {ergonomic}

Logging:
Log output configuration:
 #0: stdout all=warning uptime,level,tags foldmultilines=false
 #1: stderr all=off uptime,level,tags foldmultilines=false

Environment Variables:
PATH=C:\Program Files\Common Files\Oracle\Java\javapath;C:\Program Files (x86)\VMware\VMware Workstation\bin\;C:\WINDOWS\system32;C:\WINDOWS;C:\WINDOWS\System32\Wbem;C:\WINDOWS\System32\WindowsPowerShell\v1.0\;C:\WINDOWS\System32\OpenSSH\;C:\Program Files\HP\HP One Agent;C:\WINDOWS\system32;C:\WINDOWS;C:\WINDOWS\System32\Wbem;C:\WINDOWS\System32\WindowsPowerShell\v1.0\;C:\WINDOWS\System32\OpenSSH\;C:\Users\HP\AppData\Local\Programs\Python\Python313;C:\Users\HP\AppData\Local\Programs\Python\Python313\Scripts;C:\Program Files\Git\cmd;C:\Users\HP\AppData\Local\Programs\Python\Python313\Scripts\;C:\Users\HP\AppData\Local\Programs\Python\Python313\;C:\Users\HP\AppData\Local\Microsoft\WindowsApps;G:\Apps\Microsoft VS Code\bin;C:\Program Files\JetBrains\IntelliJ IDEA Community Edition 2024.3.5\bin;C:\Users\HP\AppData\Local\GitHubDesktop\bin;C:\Users\HP\AppData\Local\Programs\Microsoft VS Code Insiders\bin;C:\Users\HP\AppData\Local\JetBrains\Toolbox\scripts;;C:\Program Files\JetBrains\IntelliJ IDEA Community Edition 2024.3.5\bin;
USERNAME=HP
OS=Windows_NT
PROCESSOR_IDENTIFIER=Intel64 Family 6 Model 140 Stepping 1, GenuineIntel
TMP=C:\Users\HP\AppData\Local\Temp
TEMP=C:\Users\HP\AppData\Local\Temp




Periodic native trim disabled

---------------  S Y S T E M  ---------------

OS:
 Windows 11 , 64 bit Build 26100 (10.0.26100.4484)
OS uptime: 0 days 0:43 hours
Hyper-V role detected

CPU: total 4 (initial active 4) (2 cores per cpu, 2 threads per core) family 6 model 140 stepping 1 microcode 0xb4, cx8, cmov, fxsr, ht, mmx, 3dnowpref, sse, sse2, sse3, ssse3, sse4.1, sse4.2, popcnt, lzcnt, tsc, tscinvbit, avx, avx2, aes, erms, clmul, bmi1, bmi2, adx, avx512f, avx512dq, avx512cd, avx512bw, avx512vl, sha, fma, vzeroupper, avx512_vpopcntdq, avx512_vpclmulqdq, avx512_vaes, avx512_vnni, clflush, clflushopt, clwb, avx512_vbmi2, avx512_vbmi, hv, rdtscp, rdpid, fsrm, gfni, avx512_bitalg, f16c, cet_ibt, cet_ss, avx512_ifma
Processor Information for processor 0
  Max Mhz: 2901, Current Mhz: 2901, Mhz Limit: 2901
Processor Information for processor 1
  Max Mhz: 2901, Current Mhz: 2901, Mhz Limit: 2901
Processor Information for processor 2
  Max Mhz: 2901, Current Mhz: 1000, Mhz Limit: 2901
Processor Information for processor 3
  Max Mhz: 2901, Current Mhz: 1000, Mhz Limit: 2901

Memory: 4k page, system-wide physical 7834M (1482M free)
TotalPageFile size 8858M (AvailPageFile size 1M)
current process WorkingSet (physical memory assigned to process): 62M, peak: 62M
current process commit charge ("private bytes"): 212M, peak: 212M

vm_info: Java HotSpot(TM) 64-Bit Server VM (24+36-3646) for windows-amd64 JRE (24+36-3646), built on 2025-02-06T00:20:43Z with MS VC++ 17.6 (VS2022)

END.
